#
# A fatal error has been detected by the Java Runtime Environment:
#
#  EXCEPTION_ACCESS_VIOLATION (0xc0000005) at pc=0x00007ffb4565903b, pid=22084, tid=26704
#
# JRE version: OpenJDK Runtime Environment (11.0+28) (build 11+28)
# Java VM: OpenJDK 64-Bit Server VM (11+28, mixed mode, tiered, compressed oops, g1 gc, windows-amd64)
# Problematic frame:
# V  [jvm.dll+0x69903b]
#
# No core dump will be written. Minidumps are not enabled by default on client versions of Windows
#
# If you would like to submit a bug report, please visit:
#   http://bugreport.java.com/bugreport/crash.jsp
#

---------------  S U M M A R Y ------------

Command Line: -agentlib:jdwp=transport=dt_socket,server=n,address=61638 com.mypower24.smd.dns.Main

Host: Intel(R) Core(TM) i9-10900 CPU @ 2.80GHz, 20 cores, 63G,  Windows 10 , 64 bit Build 22000 (10.0.22000.708)
Time: Mon Oct  3 14:40:45 2022 South Africa Standard Time elapsed time: 7566 seconds (0d 2h 6m 6s)

---------------  T H R E A D  ---------------

Current thread (0x0000016701636800):  JavaThread "127.0.0.1" [_thread_in_vm, id=26704, stack(0x0000003090b00000,0x0000003090c00000)]

Stack: [0x0000003090b00000,0x0000003090c00000],  sp=0x0000003090bfadc0,  free space=1003k
Native frames: (J=compiled Java code, j=interpreted, Vv=VM code, C=native code)
V  [jvm.dll+0x69903b]
V  [jvm.dll+0x396943]
V  [jvm.dll+0x532629]
V  [jvm.dll+0x39a2e6]
V  [jvm.dll+0x6cbca5]
V  [jvm.dll+0x6cb5e2]
V  [jvm.dll+0x4286f0]
C  0x0000016747535cd6

Java frames: (J=compiled Java code, j=interpreted, Vv=VM code)
j  java.lang.StackStreamFactory$AbstractStackWalker.fetchStackFrames(JJII[Ljava/lang/Object;)I+0 java.base@11
j  java.lang.StackStreamFactory$AbstractStackWalker.fetchStackFrames(I)I+35 java.base@11
j  java.lang.StackStreamFactory$AbstractStackWalker.getNextBatch()I+61 java.base@11
j  java.lang.StackStreamFactory$AbstractStackWalker.peekFrame()Ljava/lang/Class;+32 java.base@11
j  java.lang.StackStreamFactory$AbstractStackWalker.hasNext()Z+1 java.base@11
j  java.lang.StackStreamFactory$StackFrameTraverser.tryAdvance(Ljava/util/function/Consumer;)Z+16 java.base@11
j  java.util.stream.ReferencePipeline.forEachWithCancel(Ljava/util/Spliterator;Ljava/util/stream/Sink;)Z+13 java.base@11
j  java.util.stream.AbstractPipeline.copyIntoWithCancel(Ljava/util/stream/Sink;Ljava/util/Spliterator;)Z+32 java.base@11
j  java.util.stream.AbstractPipeline.copyInto(Ljava/util/stream/Sink;Ljava/util/Spliterator;)V+49 java.base@11
j  java.util.stream.AbstractPipeline.wrapAndCopyInto(Ljava/util/stream/Sink;Ljava/util/Spliterator;)Ljava/util/stream/Sink;+13 java.base@11
j  java.util.stream.FindOps$FindOp.evaluateSequential(Ljava/util/stream/PipelineHelper;Ljava/util/Spliterator;)Ljava/lang/Object;+14 java.base@11
j  java.util.stream.AbstractPipeline.evaluate(Ljava/util/stream/TerminalOp;)Ljava/lang/Object;+88 java.base@11
j  java.util.stream.ReferencePipeline.findFirst()Ljava/util/Optional;+5 java.base@11
j  java.util.logging.LogRecord$CallerFinder.lambda$get$1(Ljava/util/stream/Stream;)Ljava/util/Optional;+7 java.logging@11
j  java.util.logging.LogRecord$CallerFinder$$Lambda$13.apply(Ljava/lang/Object;)Ljava/lang/Object;+8 java.logging@11
j  java.lang.StackStreamFactory$StackFrameTraverser.consumeFrames()Ljava/lang/Object;+25 java.base@11
j  java.lang.StackStreamFactory$AbstractStackWalker.doStackWalk(JIIII)Ljava/lang/Object;+78 java.base@11
v  ~StubRoutines::call_stub
j  java.lang.StackStreamFactory$AbstractStackWalker.callStackWalk(JIII[Ljava/lang/Object;)Ljava/lang/Object;+0 java.base@11
j  java.lang.StackStreamFactory$AbstractStackWalker.beginStackWalk()Ljava/lang/Object;+31 java.base@11
j  java.lang.StackStreamFactory$AbstractStackWalker.walk()Ljava/lang/Object;+8 java.base@11
j  java.lang.StackWalker.walk(Ljava/util/function/Function;)Ljava/lang/Object;+10 java.base@11
j  java.util.logging.LogRecord$CallerFinder.get()Ljava/util/Optional;+9 java.logging@11
j  java.util.logging.LogRecord.inferCaller()V+12 java.logging@11
j  java.util.logging.LogRecord.getSourceClassName()Ljava/lang/String;+8 java.logging@11
j  java.util.logging.SimpleFormatter.format(Ljava/util/logging/LogRecord;)Ljava/lang/String;+12 java.logging@11
j  java.util.logging.StreamHandler.publish(Ljava/util/logging/LogRecord;)V+14 java.logging@11
j  java.util.logging.ConsoleHandler.publish(Ljava/util/logging/LogRecord;)V+2 java.logging@11
j  java.util.logging.Logger.log(Ljava/util/logging/LogRecord;)V+90 java.logging@11
j  java.util.logging.Logger.doLog(Ljava/util/logging/LogRecord;)V+46 java.logging@11
j  java.util.logging.Logger.log(Ljava/util/logging/Level;Ljava/lang/String;Ljava/lang/Throwable;)V+29 java.logging@11
j  com.mypower24.smd.dns.entity.ServerConnection.run()V+151
j  java.lang.Thread.run()V+11 java.base@11
v  ~StubRoutines::call_stub

siginfo: EXCEPTION_ACCESS_VIOLATION (0xc0000005), reading address 0x0000000000000008


Register to memory mapping:

RIP=0x00007ffb4565903b jvm.dll
RAX=0x0000000000000010 is an unknown value
RBX=0x0000016701786278 points into unknown readable memory
RCX=0x0000000440105908 is an oop
java.lang.invoke.ResolvedMethodName 
{0x0000000440105908} - klass: 'java/lang/invoke/ResolvedMethodName'
RDX=0x0000000000000010 is an unknown value
RSP=0x0000003090bfadc0 is pointing into the stack for thread: 0x0000016701636800
RBP=0x0000000440105908 is an oop
java.lang.invoke.ResolvedMethodName 
{0x0000000440105908} - klass: 'java/lang/invoke/ResolvedMethodName'
RSI=0x0 is NULL
RDI=0x000001673f203cc0 points into unknown readable memory
R8 =0x0 is NULL
R9 ={method} {0x0000016700c69ea0} 'setClient' '(Ljava/net/Socket;)V' in 'com/mypower24/smd/dns/entity/ServerConnection'
R10=0x000000000000000c is an unknown value
R11=0x000000000000000c is an unknown value
R12=0x0000000000000097 is an unknown value
R13=0x0000000800060248 is pointing into metadata
R14=0x0000000800060248 is pointing into metadata
R15=0x0000016701636800 is a thread


Registers:
RAX=0x0000000000000010, RBX=0x0000016701786278, RCX=0x0000000440105908, RDX=0x0000000000000010
RSP=0x0000003090bfadc0, RBP=0x0000000440105908, RSI=0x0000000000000000, RDI=0x000001673f203cc0
R8 =0x0000000000000000, R9 =0x0000016700c69e98, R10=0x000000000000000c, R11=0x000000000000000c
R12=0x0000000000000097, R13=0x0000000800060248, R14=0x0000000800060248, R15=0x0000016701636800
RIP=0x00007ffb4565903b, EFLAGS=0x0000000000010206

Top of Stack: (sp=0x0000003090bfadc0)
0x0000003090bfadc0:   000016a3c6e9ae18 0000000800060248
0x0000003090bfadd0:   0000016701636800 0000016700c452b0
0x0000003090bfade0:   0000016701636800 00007ffb45356943
0x0000003090bfadf0:   0000000440105908 0000016700c452b0
0x0000003090bfae00:   0000003090bfae40 00007ffb451e81d9
0x0000003090bfae10:   0000000000000005 00007ffb454f2629
0x0000003090bfae20:   0000016701786278 0000000000000000
0x0000003090bfae30:   0000003090bfaea0 0000016700c452b0
0x0000003090bfae40:   0000016700c452b0 0000016701636800
0x0000003090bfae50:   0000003090bfaf78 0000016701636800
0x0000003090bfae60:   0000003090bfc090 0000000000000097
0x0000003090bfae70:   0000016701786268 00007ffb4535a2e6
0x0000003090bfae80:   0000016701786270 0000000440105658
0x0000003090bfae90:   0000016701636800 0000016701636800
0x0000003090bfaea0:   0000000800060248 0000000800060248
0x0000003090bfaeb0:   0000016700c452b0 0000016701636800 

Instructions: (pc=0x00007ffb4565903b)
0x00007ffb4565901b:   2e 48 8b 48 18 e8 3b 26 ce ff 48 8b f0 48 85 db
0x00007ffb4565902b:   74 03 48 8b 2b 48 8b d0 48 8b cd e8 45 19 d0 ff
0x00007ffb4565903b:   48 8b 46 08 4c 8b c3 48 8b d6 48 8b 48 08 48 8b
0x00007ffb4565904b:   41 18 b9 00 80 00 00 66 09 88 3a 01 00 00 48 8b 



---------------  P R O C E S S  ---------------

Threads class SMR info:
_java_thread_list=0x00000167014d7980, length=33, elements={
0x000001673f208800, 0x00000167005a5000, 0x00000167005d0800, 0x000001670063a000,
0x000001670063b000, 0x000001670063d800, 0x00000167005e2800, 0x00000167005ef800,
0x00000167007cc800, 0x00000167007d0000, 0x00000167007e0800, 0x00000167007e4000,
0x00000167007f1800, 0x0000016701636800, 0x0000016700725800, 0x00000167007c8800,
0x0000016700740000, 0x0000016700742800, 0x0000016700743800, 0x0000016700744000,
0x0000016700745000, 0x00000167014d3000, 0x00000167014d6000, 0x00000167014f2000,
0x00000167014f0800, 0x00000167014f3000, 0x00000167014f3800, 0x00000167014f5000,
0x00000167014ef800, 0x00000167014f6000, 0x00000167014f4800, 0x00000167014f1000,
0x00000167014ac000
}

Java Threads: ( => current thread )
  0x000001673f208800 JavaThread "main" [_thread_in_native, id=20308, stack(0x0000003090e00000,0x0000003090f00000)]
  0x00000167005a5000 JavaThread "Reference Handler" daemon [_thread_blocked, id=30404, stack(0x0000003091500000,0x0000003091600000)]
  0x00000167005d0800 JavaThread "Finalizer" daemon [_thread_blocked, id=26588, stack(0x0000003091600000,0x0000003091700000)]
  0x000001670063a000 JavaThread "Signal Dispatcher" daemon [_thread_blocked, id=33004, stack(0x0000003091700000,0x0000003091800000)]
  0x000001670063b000 JavaThread "Attach Listener" daemon [_thread_blocked, id=15184, stack(0x0000003091800000,0x0000003091900000)]
  0x000001670063d800 JavaThread "C2 CompilerThread0" daemon [_thread_blocked, id=23136, stack(0x0000003091900000,0x0000003091a00000)]
  0x00000167005e2800 JavaThread "C1 CompilerThread0" daemon [_thread_blocked, id=26184, stack(0x0000003091a00000,0x0000003091b00000)]
  0x00000167005ef800 JavaThread "Sweeper thread" daemon [_thread_blocked, id=17496, stack(0x0000003091b00000,0x0000003091c00000)]
  0x00000167007cc800 JavaThread "JDWP Transport Listener: dt_socket" daemon [_thread_blocked, id=1264, stack(0x0000003091c00000,0x0000003091d00000)]
  0x00000167007d0000 JavaThread "JDWP Event Helper Thread" daemon [_thread_blocked, id=32316, stack(0x0000003091d00000,0x0000003091e00000)]
  0x00000167007e0800 JavaThread "JDWP Command Reader" daemon [_thread_in_native, id=26284, stack(0x0000003091e00000,0x0000003091f00000)]
  0x00000167007e4000 JavaThread "Service Thread" daemon [_thread_blocked, id=33672, stack(0x0000003091f00000,0x0000003092000000)]
  0x00000167007f1800 JavaThread "Common-Cleaner" daemon [_thread_blocked, id=23212, stack(0x0000003092100000,0x0000003092200000)]
=>0x0000016701636800 JavaThread "127.0.0.1" [_thread_in_vm, id=26704, stack(0x0000003090b00000,0x0000003090c00000)]
  0x0000016700725800 JavaThread "127.0.0.1" [_thread_blocked, id=1932, stack(0x0000003090c00000,0x0000003090d00000)]
  0x00000167007c8800 JavaThread "127.0.0.1" [_thread_blocked, id=12568, stack(0x0000003090d00000,0x0000003090e00000)]
  0x0000016700740000 JavaThread "127.0.0.1" [_thread_blocked, id=25504, stack(0x0000003092200000,0x0000003092300000)]
  0x0000016700742800 JavaThread "127.0.0.1" [_thread_blocked, id=30604, stack(0x0000003092300000,0x0000003092400000)]
  0x0000016700743800 JavaThread "127.0.0.1" [_thread_blocked, id=26460, stack(0x0000003092400000,0x0000003092500000)]
  0x0000016700744000 JavaThread "127.0.0.1" [_thread_blocked, id=8628, stack(0x0000003092500000,0x0000003092600000)]
  0x0000016700745000 JavaThread "127.0.0.1" [_thread_blocked, id=304, stack(0x0000003092600000,0x0000003092700000)]
  0x00000167014d3000 JavaThread "127.0.0.1" [_thread_blocked, id=26564, stack(0x0000003092700000,0x0000003092800000)]
  0x00000167014d6000 JavaThread "127.0.0.1" [_thread_blocked, id=11228, stack(0x0000003092800000,0x0000003092900000)]
  0x00000167014f2000 JavaThread "127.0.0.1" [_thread_blocked, id=3864, stack(0x0000003092900000,0x0000003092a00000)]
  0x00000167014f0800 JavaThread "127.0.0.1" [_thread_blocked, id=3768, stack(0x0000003092a00000,0x0000003092b00000)]
  0x00000167014f3000 JavaThread "127.0.0.1" [_thread_blocked, id=21056, stack(0x0000003092b00000,0x0000003092c00000)]
  0x00000167014f3800 JavaThread "127.0.0.1" [_thread_blocked, id=12952, stack(0x0000003092c00000,0x0000003092d00000)]
  0x00000167014f5000 JavaThread "127.0.0.1" [_thread_blocked, id=5200, stack(0x0000003092d00000,0x0000003092e00000)]
  0x00000167014ef800 JavaThread "127.0.0.1" [_thread_blocked, id=3840, stack(0x0000003092e00000,0x0000003092f00000)]
  0x00000167014f6000 JavaThread "127.0.0.1" [_thread_blocked, id=24248, stack(0x0000003092f00000,0x0000003093000000)]
  0x00000167014f4800 JavaThread "127.0.0.1" [_thread_blocked, id=1600, stack(0x0000003093000000,0x0000003093100000)]
  0x00000167014f1000 JavaThread "127.0.0.1" [_thread_blocked, id=23792, stack(0x0000003093100000,0x0000003093200000)]
  0x00000167014ac000 JavaThread "127.0.0.1" [_thread_blocked, id=308, stack(0x0000003093200000,0x0000003093300000)]

Other Threads:
  0x00000167005a4800 VMThread "VM Thread" [stack: 0x0000003091400000,0x0000003091500000] [id=33232]
  0x00000167007e4800 WatcherThread [stack: 0x0000003092000000,0x0000003092100000] [id=2564]
  0x000001673f221000 GCTaskThread "GC Thread#0" [stack: 0x0000003090f00000,0x0000003091000000] [id=28840]
  0x000001673f2de000 ConcurrentGCThread "G1 Main Marker" [stack: 0x0000003091000000,0x0000003091100000] [id=12276]
  0x000001673f2e0000 ConcurrentGCThread "G1 Conc#0" [stack: 0x0000003091100000,0x0000003091200000] [id=22884]
  0x000001677f64a000 ConcurrentGCThread "G1 Refine#0" [stack: 0x0000003091200000,0x0000003091300000] [id=27612]
  0x000001677f64d000 ConcurrentGCThread "G1 Young RemSet Sampling" [stack: 0x0000003091300000,0x0000003091400000] [id=2120]

Threads with active compile tasks:

VM state:not at safepoint (normal execution)

VM Mutex/Monitor currently owned by a thread:  ([mutex/lock_event])
[0x000001673f203cc0] ResolvedMethodTable_lock - owner thread: 0x0000016701636800

Heap address: 0x0000000401000000, size: 16368 MB, Compressed Oops mode: Zero based, Oop shift amount: 3
Narrow klass base: 0x0000000800000000, Narrow klass shift: 0
Compressed class space size: 1073741824 Address: 0x0000000800000000

Heap:
 garbage-first heap   total 1048576K, used 28672K [0x0000000401000000, 0x0000000800000000)
  region size 4096K, 8 young (32768K), 0 survivors (0K)
 Metaspace       used 10043K, capacity 10210K, committed 10496K, reserved 1058816K
  class space    used 912K, capacity 970K, committed 1024K, reserved 1048576K
Heap Regions: E=young(eden), S=young(survivor), O=old, HS=humongous(starts), HC=humongous(continues), CS=collection set, F=free, A=archive, TAMS=top-at-mark-start (previous, next)
|   0|0x0000000401000000, 0x0000000401000000, 0x0000000401400000|  0%| F|  |TAMS 0x0000000401000000, 0x0000000401000000| Untracked 
|   1|0x0000000401400000, 0x0000000401400000, 0x0000000401800000|  0%| F|  |TAMS 0x0000000401400000, 0x0000000401400000| Untracked 
|   2|0x0000000401800000, 0x0000000401800000, 0x0000000401c00000|  0%| F|  |TAMS 0x0000000401800000, 0x0000000401800000| Untracked 
|   3|0x0000000401c00000, 0x0000000401c00000, 0x0000000402000000|  0%| F|  |TAMS 0x0000000401c00000, 0x0000000401c00000| Untracked 
|   4|0x0000000402000000, 0x0000000402000000, 0x0000000402400000|  0%| F|  |TAMS 0x0000000402000000, 0x0000000402000000| Untracked 
|   5|0x0000000402400000, 0x0000000402400000, 0x0000000402800000|  0%| F|  |TAMS 0x0000000402400000, 0x0000000402400000| Untracked 
|   6|0x0000000402800000, 0x0000000402800000, 0x0000000402c00000|  0%| F|  |TAMS 0x0000000402800000, 0x0000000402800000| Untracked 
|   7|0x0000000402c00000, 0x0000000402c00000, 0x0000000403000000|  0%| F|  |TAMS 0x0000000402c00000, 0x0000000402c00000| Untracked 
|   8|0x0000000403000000, 0x0000000403000000, 0x0000000403400000|  0%| F|  |TAMS 0x0000000403000000, 0x0000000403000000| Untracked 
|   9|0x0000000403400000, 0x0000000403400000, 0x0000000403800000|  0%| F|  |TAMS 0x0000000403400000, 0x0000000403400000| Untracked 
|  10|0x0000000403800000, 0x0000000403800000, 0x0000000403c00000|  0%| F|  |TAMS 0x0000000403800000, 0x0000000403800000| Untracked 
|  11|0x0000000403c00000, 0x0000000403c00000, 0x0000000404000000|  0%| F|  |TAMS 0x0000000403c00000, 0x0000000403c00000| Untracked 
|  12|0x0000000404000000, 0x0000000404000000, 0x0000000404400000|  0%| F|  |TAMS 0x0000000404000000, 0x0000000404000000| Untracked 
|  13|0x0000000404400000, 0x0000000404400000, 0x0000000404800000|  0%| F|  |TAMS 0x0000000404400000, 0x0000000404400000| Untracked 
|  14|0x0000000404800000, 0x0000000404800000, 0x0000000404c00000|  0%| F|  |TAMS 0x0000000404800000, 0x0000000404800000| Untracked 
|  15|0x0000000404c00000, 0x0000000404c00000, 0x0000000405000000|  0%| F|  |TAMS 0x0000000404c00000, 0x0000000404c00000| Untracked 
|  16|0x0000000405000000, 0x0000000405000000, 0x0000000405400000|  0%| F|  |TAMS 0x0000000405000000, 0x0000000405000000| Untracked 
|  17|0x0000000405400000, 0x0000000405400000, 0x0000000405800000|  0%| F|  |TAMS 0x0000000405400000, 0x0000000405400000| Untracked 
|  18|0x0000000405800000, 0x0000000405800000, 0x0000000405c00000|  0%| F|  |TAMS 0x0000000405800000, 0x0000000405800000| Untracked 
|  19|0x0000000405c00000, 0x0000000405c00000, 0x0000000406000000|  0%| F|  |TAMS 0x0000000405c00000, 0x0000000405c00000| Untracked 
|  20|0x0000000406000000, 0x0000000406000000, 0x0000000406400000|  0%| F|  |TAMS 0x0000000406000000, 0x0000000406000000| Untracked 
|  21|0x0000000406400000, 0x0000000406400000, 0x0000000406800000|  0%| F|  |TAMS 0x0000000406400000, 0x0000000406400000| Untracked 
|  22|0x0000000406800000, 0x0000000406800000, 0x0000000406c00000|  0%| F|  |TAMS 0x0000000406800000, 0x0000000406800000| Untracked 
|  23|0x0000000406c00000, 0x0000000406c00000, 0x0000000407000000|  0%| F|  |TAMS 0x0000000406c00000, 0x0000000406c00000| Untracked 
|  24|0x0000000407000000, 0x0000000407000000, 0x0000000407400000|  0%| F|  |TAMS 0x0000000407000000, 0x0000000407000000| Untracked 
|  25|0x0000000407400000, 0x0000000407400000, 0x0000000407800000|  0%| F|  |TAMS 0x0000000407400000, 0x0000000407400000| Untracked 
|  26|0x0000000407800000, 0x0000000407800000, 0x0000000407c00000|  0%| F|  |TAMS 0x0000000407800000, 0x0000000407800000| Untracked 
|  27|0x0000000407c00000, 0x0000000407c00000, 0x0000000408000000|  0%| F|  |TAMS 0x0000000407c00000, 0x0000000407c00000| Untracked 
|  28|0x0000000408000000, 0x0000000408000000, 0x0000000408400000|  0%| F|  |TAMS 0x0000000408000000, 0x0000000408000000| Untracked 
|  29|0x0000000408400000, 0x0000000408400000, 0x0000000408800000|  0%| F|  |TAMS 0x0000000408400000, 0x0000000408400000| Untracked 
|  30|0x0000000408800000, 0x0000000408800000, 0x0000000408c00000|  0%| F|  |TAMS 0x0000000408800000, 0x0000000408800000| Untracked 
|  31|0x0000000408c00000, 0x0000000408c00000, 0x0000000409000000|  0%| F|  |TAMS 0x0000000408c00000, 0x0000000408c00000| Untracked 
|  32|0x0000000409000000, 0x0000000409000000, 0x0000000409400000|  0%| F|  |TAMS 0x0000000409000000, 0x0000000409000000| Untracked 
|  33|0x0000000409400000, 0x0000000409400000, 0x0000000409800000|  0%| F|  |TAMS 0x0000000409400000, 0x0000000409400000| Untracked 
|  34|0x0000000409800000, 0x0000000409800000, 0x0000000409c00000|  0%| F|  |TAMS 0x0000000409800000, 0x0000000409800000| Untracked 
|  35|0x0000000409c00000, 0x0000000409c00000, 0x000000040a000000|  0%| F|  |TAMS 0x0000000409c00000, 0x0000000409c00000| Untracked 
|  36|0x000000040a000000, 0x000000040a000000, 0x000000040a400000|  0%| F|  |TAMS 0x000000040a000000, 0x000000040a000000| Untracked 
|  37|0x000000040a400000, 0x000000040a400000, 0x000000040a800000|  0%| F|  |TAMS 0x000000040a400000, 0x000000040a400000| Untracked 
|  38|0x000000040a800000, 0x000000040a800000, 0x000000040ac00000|  0%| F|  |TAMS 0x000000040a800000, 0x000000040a800000| Untracked 
|  39|0x000000040ac00000, 0x000000040ac00000, 0x000000040b000000|  0%| F|  |TAMS 0x000000040ac00000, 0x000000040ac00000| Untracked 
|  40|0x000000040b000000, 0x000000040b000000, 0x000000040b400000|  0%| F|  |TAMS 0x000000040b000000, 0x000000040b000000| Untracked 
|  41|0x000000040b400000, 0x000000040b400000, 0x000000040b800000|  0%| F|  |TAMS 0x000000040b400000, 0x000000040b400000| Untracked 
|  42|0x000000040b800000, 0x000000040b800000, 0x000000040bc00000|  0%| F|  |TAMS 0x000000040b800000, 0x000000040b800000| Untracked 
|  43|0x000000040bc00000, 0x000000040bc00000, 0x000000040c000000|  0%| F|  |TAMS 0x000000040bc00000, 0x000000040bc00000| Untracked 
|  44|0x000000040c000000, 0x000000040c000000, 0x000000040c400000|  0%| F|  |TAMS 0x000000040c000000, 0x000000040c000000| Untracked 
|  45|0x000000040c400000, 0x000000040c400000, 0x000000040c800000|  0%| F|  |TAMS 0x000000040c400000, 0x000000040c400000| Untracked 
|  46|0x000000040c800000, 0x000000040c800000, 0x000000040cc00000|  0%| F|  |TAMS 0x000000040c800000, 0x000000040c800000| Untracked 
|  47|0x000000040cc00000, 0x000000040cc00000, 0x000000040d000000|  0%| F|  |TAMS 0x000000040cc00000, 0x000000040cc00000| Untracked 
|  48|0x000000040d000000, 0x000000040d000000, 0x000000040d400000|  0%| F|  |TAMS 0x000000040d000000, 0x000000040d000000| Untracked 
|  49|0x000000040d400000, 0x000000040d400000, 0x000000040d800000|  0%| F|  |TAMS 0x000000040d400000, 0x000000040d400000| Untracked 
|  50|0x000000040d800000, 0x000000040d800000, 0x000000040dc00000|  0%| F|  |TAMS 0x000000040d800000, 0x000000040d800000| Untracked 
|  51|0x000000040dc00000, 0x000000040dc00000, 0x000000040e000000|  0%| F|  |TAMS 0x000000040dc00000, 0x000000040dc00000| Untracked 
|  52|0x000000040e000000, 0x000000040e000000, 0x000000040e400000|  0%| F|  |TAMS 0x000000040e000000, 0x000000040e000000| Untracked 
|  53|0x000000040e400000, 0x000000040e400000, 0x000000040e800000|  0%| F|  |TAMS 0x000000040e400000, 0x000000040e400000| Untracked 
|  54|0x000000040e800000, 0x000000040e800000, 0x000000040ec00000|  0%| F|  |TAMS 0x000000040e800000, 0x000000040e800000| Untracked 
|  55|0x000000040ec00000, 0x000000040ec00000, 0x000000040f000000|  0%| F|  |TAMS 0x000000040ec00000, 0x000000040ec00000| Untracked 
|  56|0x000000040f000000, 0x000000040f000000, 0x000000040f400000|  0%| F|  |TAMS 0x000000040f000000, 0x000000040f000000| Untracked 
|  57|0x000000040f400000, 0x000000040f400000, 0x000000040f800000|  0%| F|  |TAMS 0x000000040f400000, 0x000000040f400000| Untracked 
|  58|0x000000040f800000, 0x000000040f800000, 0x000000040fc00000|  0%| F|  |TAMS 0x000000040f800000, 0x000000040f800000| Untracked 
|  59|0x000000040fc00000, 0x000000040fc00000, 0x0000000410000000|  0%| F|  |TAMS 0x000000040fc00000, 0x000000040fc00000| Untracked 
|  60|0x0000000410000000, 0x0000000410000000, 0x0000000410400000|  0%| F|  |TAMS 0x0000000410000000, 0x0000000410000000| Untracked 
|  61|0x0000000410400000, 0x0000000410400000, 0x0000000410800000|  0%| F|  |TAMS 0x0000000410400000, 0x0000000410400000| Untracked 
|  62|0x0000000410800000, 0x0000000410800000, 0x0000000410c00000|  0%| F|  |TAMS 0x0000000410800000, 0x0000000410800000| Untracked 
|  63|0x0000000410c00000, 0x0000000410c00000, 0x0000000411000000|  0%| F|  |TAMS 0x0000000410c00000, 0x0000000410c00000| Untracked 
|  64|0x0000000411000000, 0x0000000411000000, 0x0000000411400000|  0%| F|  |TAMS 0x0000000411000000, 0x0000000411000000| Untracked 
|  65|0x0000000411400000, 0x0000000411400000, 0x0000000411800000|  0%| F|  |TAMS 0x0000000411400000, 0x0000000411400000| Untracked 
|  66|0x0000000411800000, 0x0000000411800000, 0x0000000411c00000|  0%| F|  |TAMS 0x0000000411800000, 0x0000000411800000| Untracked 
|  67|0x0000000411c00000, 0x0000000411c00000, 0x0000000412000000|  0%| F|  |TAMS 0x0000000411c00000, 0x0000000411c00000| Untracked 
|  68|0x0000000412000000, 0x0000000412000000, 0x0000000412400000|  0%| F|  |TAMS 0x0000000412000000, 0x0000000412000000| Untracked 
|  69|0x0000000412400000, 0x0000000412400000, 0x0000000412800000|  0%| F|  |TAMS 0x0000000412400000, 0x0000000412400000| Untracked 
|  70|0x0000000412800000, 0x0000000412800000, 0x0000000412c00000|  0%| F|  |TAMS 0x0000000412800000, 0x0000000412800000| Untracked 
|  71|0x0000000412c00000, 0x0000000412c00000, 0x0000000413000000|  0%| F|  |TAMS 0x0000000412c00000, 0x0000000412c00000| Untracked 
|  72|0x0000000413000000, 0x0000000413000000, 0x0000000413400000|  0%| F|  |TAMS 0x0000000413000000, 0x0000000413000000| Untracked 
|  73|0x0000000413400000, 0x0000000413400000, 0x0000000413800000|  0%| F|  |TAMS 0x0000000413400000, 0x0000000413400000| Untracked 
|  74|0x0000000413800000, 0x0000000413800000, 0x0000000413c00000|  0%| F|  |TAMS 0x0000000413800000, 0x0000000413800000| Untracked 
|  75|0x0000000413c00000, 0x0000000413c00000, 0x0000000414000000|  0%| F|  |TAMS 0x0000000413c00000, 0x0000000413c00000| Untracked 
|  76|0x0000000414000000, 0x0000000414000000, 0x0000000414400000|  0%| F|  |TAMS 0x0000000414000000, 0x0000000414000000| Untracked 
|  77|0x0000000414400000, 0x0000000414400000, 0x0000000414800000|  0%| F|  |TAMS 0x0000000414400000, 0x0000000414400000| Untracked 
|  78|0x0000000414800000, 0x0000000414800000, 0x0000000414c00000|  0%| F|  |TAMS 0x0000000414800000, 0x0000000414800000| Untracked 
|  79|0x0000000414c00000, 0x0000000414c00000, 0x0000000415000000|  0%| F|  |TAMS 0x0000000414c00000, 0x0000000414c00000| Untracked 
|  80|0x0000000415000000, 0x0000000415000000, 0x0000000415400000|  0%| F|  |TAMS 0x0000000415000000, 0x0000000415000000| Untracked 
|  81|0x0000000415400000, 0x0000000415400000, 0x0000000415800000|  0%| F|  |TAMS 0x0000000415400000, 0x0000000415400000| Untracked 
|  82|0x0000000415800000, 0x0000000415800000, 0x0000000415c00000|  0%| F|  |TAMS 0x0000000415800000, 0x0000000415800000| Untracked 
|  83|0x0000000415c00000, 0x0000000415c00000, 0x0000000416000000|  0%| F|  |TAMS 0x0000000415c00000, 0x0000000415c00000| Untracked 
|  84|0x0000000416000000, 0x0000000416000000, 0x0000000416400000|  0%| F|  |TAMS 0x0000000416000000, 0x0000000416000000| Untracked 
|  85|0x0000000416400000, 0x0000000416400000, 0x0000000416800000|  0%| F|  |TAMS 0x0000000416400000, 0x0000000416400000| Untracked 
|  86|0x0000000416800000, 0x0000000416800000, 0x0000000416c00000|  0%| F|  |TAMS 0x0000000416800000, 0x0000000416800000| Untracked 
|  87|0x0000000416c00000, 0x0000000416c00000, 0x0000000417000000|  0%| F|  |TAMS 0x0000000416c00000, 0x0000000416c00000| Untracked 
|  88|0x0000000417000000, 0x0000000417000000, 0x0000000417400000|  0%| F|  |TAMS 0x0000000417000000, 0x0000000417000000| Untracked 
|  89|0x0000000417400000, 0x0000000417400000, 0x0000000417800000|  0%| F|  |TAMS 0x0000000417400000, 0x0000000417400000| Untracked 
|  90|0x0000000417800000, 0x0000000417800000, 0x0000000417c00000|  0%| F|  |TAMS 0x0000000417800000, 0x0000000417800000| Untracked 
|  91|0x0000000417c00000, 0x0000000417c00000, 0x0000000418000000|  0%| F|  |TAMS 0x0000000417c00000, 0x0000000417c00000| Untracked 
|  92|0x0000000418000000, 0x0000000418000000, 0x0000000418400000|  0%| F|  |TAMS 0x0000000418000000, 0x0000000418000000| Untracked 
|  93|0x0000000418400000, 0x0000000418400000, 0x0000000418800000|  0%| F|  |TAMS 0x0000000418400000, 0x0000000418400000| Untracked 
|  94|0x0000000418800000, 0x0000000418800000, 0x0000000418c00000|  0%| F|  |TAMS 0x0000000418800000, 0x0000000418800000| Untracked 
|  95|0x0000000418c00000, 0x0000000418c00000, 0x0000000419000000|  0%| F|  |TAMS 0x0000000418c00000, 0x0000000418c00000| Untracked 
|  96|0x0000000419000000, 0x0000000419000000, 0x0000000419400000|  0%| F|  |TAMS 0x0000000419000000, 0x0000000419000000| Untracked 
|  97|0x0000000419400000, 0x0000000419400000, 0x0000000419800000|  0%| F|  |TAMS 0x0000000419400000, 0x0000000419400000| Untracked 
|  98|0x0000000419800000, 0x0000000419800000, 0x0000000419c00000|  0%| F|  |TAMS 0x0000000419800000, 0x0000000419800000| Untracked 
|  99|0x0000000419c00000, 0x0000000419c00000, 0x000000041a000000|  0%| F|  |TAMS 0x0000000419c00000, 0x0000000419c00000| Untracked 
| 100|0x000000041a000000, 0x000000041a000000, 0x000000041a400000|  0%| F|  |TAMS 0x000000041a000000, 0x000000041a000000| Untracked 
| 101|0x000000041a400000, 0x000000041a400000, 0x000000041a800000|  0%| F|  |TAMS 0x000000041a400000, 0x000000041a400000| Untracked 
| 102|0x000000041a800000, 0x000000041a800000, 0x000000041ac00000|  0%| F|  |TAMS 0x000000041a800000, 0x000000041a800000| Untracked 
| 103|0x000000041ac00000, 0x000000041ac00000, 0x000000041b000000|  0%| F|  |TAMS 0x000000041ac00000, 0x000000041ac00000| Untracked 
| 104|0x000000041b000000, 0x000000041b000000, 0x000000041b400000|  0%| F|  |TAMS 0x000000041b000000, 0x000000041b000000| Untracked 
| 105|0x000000041b400000, 0x000000041b400000, 0x000000041b800000|  0%| F|  |TAMS 0x000000041b400000, 0x000000041b400000| Untracked 
| 106|0x000000041b800000, 0x000000041b800000, 0x000000041bc00000|  0%| F|  |TAMS 0x000000041b800000, 0x000000041b800000| Untracked 
| 107|0x000000041bc00000, 0x000000041bc00000, 0x000000041c000000|  0%| F|  |TAMS 0x000000041bc00000, 0x000000041bc00000| Untracked 
| 108|0x000000041c000000, 0x000000041c000000, 0x000000041c400000|  0%| F|  |TAMS 0x000000041c000000, 0x000000041c000000| Untracked 
| 109|0x000000041c400000, 0x000000041c400000, 0x000000041c800000|  0%| F|  |TAMS 0x000000041c400000, 0x000000041c400000| Untracked 
| 110|0x000000041c800000, 0x000000041c800000, 0x000000041cc00000|  0%| F|  |TAMS 0x000000041c800000, 0x000000041c800000| Untracked 
| 111|0x000000041cc00000, 0x000000041cc00000, 0x000000041d000000|  0%| F|  |TAMS 0x000000041cc00000, 0x000000041cc00000| Untracked 
| 112|0x000000041d000000, 0x000000041d000000, 0x000000041d400000|  0%| F|  |TAMS 0x000000041d000000, 0x000000041d000000| Untracked 
| 113|0x000000041d400000, 0x000000041d400000, 0x000000041d800000|  0%| F|  |TAMS 0x000000041d400000, 0x000000041d400000| Untracked 
| 114|0x000000041d800000, 0x000000041d800000, 0x000000041dc00000|  0%| F|  |TAMS 0x000000041d800000, 0x000000041d800000| Untracked 
| 115|0x000000041dc00000, 0x000000041dc00000, 0x000000041e000000|  0%| F|  |TAMS 0x000000041dc00000, 0x000000041dc00000| Untracked 
| 116|0x000000041e000000, 0x000000041e000000, 0x000000041e400000|  0%| F|  |TAMS 0x000000041e000000, 0x000000041e000000| Untracked 
| 117|0x000000041e400000, 0x000000041e400000, 0x000000041e800000|  0%| F|  |TAMS 0x000000041e400000, 0x000000041e400000| Untracked 
| 118|0x000000041e800000, 0x000000041e800000, 0x000000041ec00000|  0%| F|  |TAMS 0x000000041e800000, 0x000000041e800000| Untracked 
| 119|0x000000041ec00000, 0x000000041ec00000, 0x000000041f000000|  0%| F|  |TAMS 0x000000041ec00000, 0x000000041ec00000| Untracked 
| 120|0x000000041f000000, 0x000000041f000000, 0x000000041f400000|  0%| F|  |TAMS 0x000000041f000000, 0x000000041f000000| Untracked 
| 121|0x000000041f400000, 0x000000041f400000, 0x000000041f800000|  0%| F|  |TAMS 0x000000041f400000, 0x000000041f400000| Untracked 
| 122|0x000000041f800000, 0x000000041f800000, 0x000000041fc00000|  0%| F|  |TAMS 0x000000041f800000, 0x000000041f800000| Untracked 
| 123|0x000000041fc00000, 0x000000041fc00000, 0x0000000420000000|  0%| F|  |TAMS 0x000000041fc00000, 0x000000041fc00000| Untracked 
| 124|0x0000000420000000, 0x0000000420000000, 0x0000000420400000|  0%| F|  |TAMS 0x0000000420000000, 0x0000000420000000| Untracked 
| 125|0x0000000420400000, 0x0000000420400000, 0x0000000420800000|  0%| F|  |TAMS 0x0000000420400000, 0x0000000420400000| Untracked 
| 126|0x0000000420800000, 0x0000000420800000, 0x0000000420c00000|  0%| F|  |TAMS 0x0000000420800000, 0x0000000420800000| Untracked 
| 127|0x0000000420c00000, 0x0000000420c00000, 0x0000000421000000|  0%| F|  |TAMS 0x0000000420c00000, 0x0000000420c00000| Untracked 
| 128|0x0000000421000000, 0x0000000421000000, 0x0000000421400000|  0%| F|  |TAMS 0x0000000421000000, 0x0000000421000000| Untracked 
| 129|0x0000000421400000, 0x0000000421400000, 0x0000000421800000|  0%| F|  |TAMS 0x0000000421400000, 0x0000000421400000| Untracked 
| 130|0x0000000421800000, 0x0000000421800000, 0x0000000421c00000|  0%| F|  |TAMS 0x0000000421800000, 0x0000000421800000| Untracked 
| 131|0x0000000421c00000, 0x0000000421c00000, 0x0000000422000000|  0%| F|  |TAMS 0x0000000421c00000, 0x0000000421c00000| Untracked 
| 132|0x0000000422000000, 0x0000000422000000, 0x0000000422400000|  0%| F|  |TAMS 0x0000000422000000, 0x0000000422000000| Untracked 
| 133|0x0000000422400000, 0x0000000422400000, 0x0000000422800000|  0%| F|  |TAMS 0x0000000422400000, 0x0000000422400000| Untracked 
| 134|0x0000000422800000, 0x0000000422800000, 0x0000000422c00000|  0%| F|  |TAMS 0x0000000422800000, 0x0000000422800000| Untracked 
| 135|0x0000000422c00000, 0x0000000422c00000, 0x0000000423000000|  0%| F|  |TAMS 0x0000000422c00000, 0x0000000422c00000| Untracked 
| 136|0x0000000423000000, 0x0000000423000000, 0x0000000423400000|  0%| F|  |TAMS 0x0000000423000000, 0x0000000423000000| Untracked 
| 137|0x0000000423400000, 0x0000000423400000, 0x0000000423800000|  0%| F|  |TAMS 0x0000000423400000, 0x0000000423400000| Untracked 
| 138|0x0000000423800000, 0x0000000423800000, 0x0000000423c00000|  0%| F|  |TAMS 0x0000000423800000, 0x0000000423800000| Untracked 
| 139|0x0000000423c00000, 0x0000000423c00000, 0x0000000424000000|  0%| F|  |TAMS 0x0000000423c00000, 0x0000000423c00000| Untracked 
| 140|0x0000000424000000, 0x0000000424000000, 0x0000000424400000|  0%| F|  |TAMS 0x0000000424000000, 0x0000000424000000| Untracked 
| 141|0x0000000424400000, 0x0000000424400000, 0x0000000424800000|  0%| F|  |TAMS 0x0000000424400000, 0x0000000424400000| Untracked 
| 142|0x0000000424800000, 0x0000000424800000, 0x0000000424c00000|  0%| F|  |TAMS 0x0000000424800000, 0x0000000424800000| Untracked 
| 143|0x0000000424c00000, 0x0000000424c00000, 0x0000000425000000|  0%| F|  |TAMS 0x0000000424c00000, 0x0000000424c00000| Untracked 
| 144|0x0000000425000000, 0x0000000425000000, 0x0000000425400000|  0%| F|  |TAMS 0x0000000425000000, 0x0000000425000000| Untracked 
| 145|0x0000000425400000, 0x0000000425400000, 0x0000000425800000|  0%| F|  |TAMS 0x0000000425400000, 0x0000000425400000| Untracked 
| 146|0x0000000425800000, 0x0000000425800000, 0x0000000425c00000|  0%| F|  |TAMS 0x0000000425800000, 0x0000000425800000| Untracked 
| 147|0x0000000425c00000, 0x0000000425c00000, 0x0000000426000000|  0%| F|  |TAMS 0x0000000425c00000, 0x0000000425c00000| Untracked 
| 148|0x0000000426000000, 0x0000000426000000, 0x0000000426400000|  0%| F|  |TAMS 0x0000000426000000, 0x0000000426000000| Untracked 
| 149|0x0000000426400000, 0x0000000426400000, 0x0000000426800000|  0%| F|  |TAMS 0x0000000426400000, 0x0000000426400000| Untracked 
| 150|0x0000000426800000, 0x0000000426800000, 0x0000000426c00000|  0%| F|  |TAMS 0x0000000426800000, 0x0000000426800000| Untracked 
| 151|0x0000000426c00000, 0x0000000426c00000, 0x0000000427000000|  0%| F|  |TAMS 0x0000000426c00000, 0x0000000426c00000| Untracked 
| 152|0x0000000427000000, 0x0000000427000000, 0x0000000427400000|  0%| F|  |TAMS 0x0000000427000000, 0x0000000427000000| Untracked 
| 153|0x0000000427400000, 0x0000000427400000, 0x0000000427800000|  0%| F|  |TAMS 0x0000000427400000, 0x0000000427400000| Untracked 
| 154|0x0000000427800000, 0x0000000427800000, 0x0000000427c00000|  0%| F|  |TAMS 0x0000000427800000, 0x0000000427800000| Untracked 
| 155|0x0000000427c00000, 0x0000000427c00000, 0x0000000428000000|  0%| F|  |TAMS 0x0000000427c00000, 0x0000000427c00000| Untracked 
| 156|0x0000000428000000, 0x0000000428000000, 0x0000000428400000|  0%| F|  |TAMS 0x0000000428000000, 0x0000000428000000| Untracked 
| 157|0x0000000428400000, 0x0000000428400000, 0x0000000428800000|  0%| F|  |TAMS 0x0000000428400000, 0x0000000428400000| Untracked 
| 158|0x0000000428800000, 0x0000000428800000, 0x0000000428c00000|  0%| F|  |TAMS 0x0000000428800000, 0x0000000428800000| Untracked 
| 159|0x0000000428c00000, 0x0000000428c00000, 0x0000000429000000|  0%| F|  |TAMS 0x0000000428c00000, 0x0000000428c00000| Untracked 
| 160|0x0000000429000000, 0x0000000429000000, 0x0000000429400000|  0%| F|  |TAMS 0x0000000429000000, 0x0000000429000000| Untracked 
| 161|0x0000000429400000, 0x0000000429400000, 0x0000000429800000|  0%| F|  |TAMS 0x0000000429400000, 0x0000000429400000| Untracked 
| 162|0x0000000429800000, 0x0000000429800000, 0x0000000429c00000|  0%| F|  |TAMS 0x0000000429800000, 0x0000000429800000| Untracked 
| 163|0x0000000429c00000, 0x0000000429c00000, 0x000000042a000000|  0%| F|  |TAMS 0x0000000429c00000, 0x0000000429c00000| Untracked 
| 164|0x000000042a000000, 0x000000042a000000, 0x000000042a400000|  0%| F|  |TAMS 0x000000042a000000, 0x000000042a000000| Untracked 
| 165|0x000000042a400000, 0x000000042a400000, 0x000000042a800000|  0%| F|  |TAMS 0x000000042a400000, 0x000000042a400000| Untracked 
| 166|0x000000042a800000, 0x000000042a800000, 0x000000042ac00000|  0%| F|  |TAMS 0x000000042a800000, 0x000000042a800000| Untracked 
| 167|0x000000042ac00000, 0x000000042ac00000, 0x000000042b000000|  0%| F|  |TAMS 0x000000042ac00000, 0x000000042ac00000| Untracked 
| 168|0x000000042b000000, 0x000000042b000000, 0x000000042b400000|  0%| F|  |TAMS 0x000000042b000000, 0x000000042b000000| Untracked 
| 169|0x000000042b400000, 0x000000042b400000, 0x000000042b800000|  0%| F|  |TAMS 0x000000042b400000, 0x000000042b400000| Untracked 
| 170|0x000000042b800000, 0x000000042b800000, 0x000000042bc00000|  0%| F|  |TAMS 0x000000042b800000, 0x000000042b800000| Untracked 
| 171|0x000000042bc00000, 0x000000042bc00000, 0x000000042c000000|  0%| F|  |TAMS 0x000000042bc00000, 0x000000042bc00000| Untracked 
| 172|0x000000042c000000, 0x000000042c000000, 0x000000042c400000|  0%| F|  |TAMS 0x000000042c000000, 0x000000042c000000| Untracked 
| 173|0x000000042c400000, 0x000000042c400000, 0x000000042c800000|  0%| F|  |TAMS 0x000000042c400000, 0x000000042c400000| Untracked 
| 174|0x000000042c800000, 0x000000042c800000, 0x000000042cc00000|  0%| F|  |TAMS 0x000000042c800000, 0x000000042c800000| Untracked 
| 175|0x000000042cc00000, 0x000000042cc00000, 0x000000042d000000|  0%| F|  |TAMS 0x000000042cc00000, 0x000000042cc00000| Untracked 
| 176|0x000000042d000000, 0x000000042d000000, 0x000000042d400000|  0%| F|  |TAMS 0x000000042d000000, 0x000000042d000000| Untracked 
| 177|0x000000042d400000, 0x000000042d400000, 0x000000042d800000|  0%| F|  |TAMS 0x000000042d400000, 0x000000042d400000| Untracked 
| 178|0x000000042d800000, 0x000000042d800000, 0x000000042dc00000|  0%| F|  |TAMS 0x000000042d800000, 0x000000042d800000| Untracked 
| 179|0x000000042dc00000, 0x000000042dc00000, 0x000000042e000000|  0%| F|  |TAMS 0x000000042dc00000, 0x000000042dc00000| Untracked 
| 180|0x000000042e000000, 0x000000042e000000, 0x000000042e400000|  0%| F|  |TAMS 0x000000042e000000, 0x000000042e000000| Untracked 
| 181|0x000000042e400000, 0x000000042e400000, 0x000000042e800000|  0%| F|  |TAMS 0x000000042e400000, 0x000000042e400000| Untracked 
| 182|0x000000042e800000, 0x000000042e800000, 0x000000042ec00000|  0%| F|  |TAMS 0x000000042e800000, 0x000000042e800000| Untracked 
| 183|0x000000042ec00000, 0x000000042ec00000, 0x000000042f000000|  0%| F|  |TAMS 0x000000042ec00000, 0x000000042ec00000| Untracked 
| 184|0x000000042f000000, 0x000000042f000000, 0x000000042f400000|  0%| F|  |TAMS 0x000000042f000000, 0x000000042f000000| Untracked 
| 185|0x000000042f400000, 0x000000042f400000, 0x000000042f800000|  0%| F|  |TAMS 0x000000042f400000, 0x000000042f400000| Untracked 
| 186|0x000000042f800000, 0x000000042f800000, 0x000000042fc00000|  0%| F|  |TAMS 0x000000042f800000, 0x000000042f800000| Untracked 
| 187|0x000000042fc00000, 0x000000042fc00000, 0x0000000430000000|  0%| F|  |TAMS 0x000000042fc00000, 0x000000042fc00000| Untracked 
| 188|0x0000000430000000, 0x0000000430000000, 0x0000000430400000|  0%| F|  |TAMS 0x0000000430000000, 0x0000000430000000| Untracked 
| 189|0x0000000430400000, 0x0000000430400000, 0x0000000430800000|  0%| F|  |TAMS 0x0000000430400000, 0x0000000430400000| Untracked 
| 190|0x0000000430800000, 0x0000000430800000, 0x0000000430c00000|  0%| F|  |TAMS 0x0000000430800000, 0x0000000430800000| Untracked 
| 191|0x0000000430c00000, 0x0000000430c00000, 0x0000000431000000|  0%| F|  |TAMS 0x0000000430c00000, 0x0000000430c00000| Untracked 
| 192|0x0000000431000000, 0x0000000431000000, 0x0000000431400000|  0%| F|  |TAMS 0x0000000431000000, 0x0000000431000000| Untracked 
| 193|0x0000000431400000, 0x0000000431400000, 0x0000000431800000|  0%| F|  |TAMS 0x0000000431400000, 0x0000000431400000| Untracked 
| 194|0x0000000431800000, 0x0000000431800000, 0x0000000431c00000|  0%| F|  |TAMS 0x0000000431800000, 0x0000000431800000| Untracked 
| 195|0x0000000431c00000, 0x0000000431c00000, 0x0000000432000000|  0%| F|  |TAMS 0x0000000431c00000, 0x0000000431c00000| Untracked 
| 196|0x0000000432000000, 0x0000000432000000, 0x0000000432400000|  0%| F|  |TAMS 0x0000000432000000, 0x0000000432000000| Untracked 
| 197|0x0000000432400000, 0x0000000432400000, 0x0000000432800000|  0%| F|  |TAMS 0x0000000432400000, 0x0000000432400000| Untracked 
| 198|0x0000000432800000, 0x0000000432800000, 0x0000000432c00000|  0%| F|  |TAMS 0x0000000432800000, 0x0000000432800000| Untracked 
| 199|0x0000000432c00000, 0x0000000432c00000, 0x0000000433000000|  0%| F|  |TAMS 0x0000000432c00000, 0x0000000432c00000| Untracked 
| 200|0x0000000433000000, 0x0000000433000000, 0x0000000433400000|  0%| F|  |TAMS 0x0000000433000000, 0x0000000433000000| Untracked 
| 201|0x0000000433400000, 0x0000000433400000, 0x0000000433800000|  0%| F|  |TAMS 0x0000000433400000, 0x0000000433400000| Untracked 
| 202|0x0000000433800000, 0x0000000433800000, 0x0000000433c00000|  0%| F|  |TAMS 0x0000000433800000, 0x0000000433800000| Untracked 
| 203|0x0000000433c00000, 0x0000000433c00000, 0x0000000434000000|  0%| F|  |TAMS 0x0000000433c00000, 0x0000000433c00000| Untracked 
| 204|0x0000000434000000, 0x0000000434000000, 0x0000000434400000|  0%| F|  |TAMS 0x0000000434000000, 0x0000000434000000| Untracked 
| 205|0x0000000434400000, 0x0000000434400000, 0x0000000434800000|  0%| F|  |TAMS 0x0000000434400000, 0x0000000434400000| Untracked 
| 206|0x0000000434800000, 0x0000000434800000, 0x0000000434c00000|  0%| F|  |TAMS 0x0000000434800000, 0x0000000434800000| Untracked 
| 207|0x0000000434c00000, 0x0000000434c00000, 0x0000000435000000|  0%| F|  |TAMS 0x0000000434c00000, 0x0000000434c00000| Untracked 
| 208|0x0000000435000000, 0x0000000435000000, 0x0000000435400000|  0%| F|  |TAMS 0x0000000435000000, 0x0000000435000000| Untracked 
| 209|0x0000000435400000, 0x0000000435400000, 0x0000000435800000|  0%| F|  |TAMS 0x0000000435400000, 0x0000000435400000| Untracked 
| 210|0x0000000435800000, 0x0000000435800000, 0x0000000435c00000|  0%| F|  |TAMS 0x0000000435800000, 0x0000000435800000| Untracked 
| 211|0x0000000435c00000, 0x0000000435c00000, 0x0000000436000000|  0%| F|  |TAMS 0x0000000435c00000, 0x0000000435c00000| Untracked 
| 212|0x0000000436000000, 0x0000000436000000, 0x0000000436400000|  0%| F|  |TAMS 0x0000000436000000, 0x0000000436000000| Untracked 
| 213|0x0000000436400000, 0x0000000436400000, 0x0000000436800000|  0%| F|  |TAMS 0x0000000436400000, 0x0000000436400000| Untracked 
| 214|0x0000000436800000, 0x0000000436800000, 0x0000000436c00000|  0%| F|  |TAMS 0x0000000436800000, 0x0000000436800000| Untracked 
| 215|0x0000000436c00000, 0x0000000436c00000, 0x0000000437000000|  0%| F|  |TAMS 0x0000000436c00000, 0x0000000436c00000| Untracked 
| 216|0x0000000437000000, 0x0000000437000000, 0x0000000437400000|  0%| F|  |TAMS 0x0000000437000000, 0x0000000437000000| Untracked 
| 217|0x0000000437400000, 0x0000000437400000, 0x0000000437800000|  0%| F|  |TAMS 0x0000000437400000, 0x0000000437400000| Untracked 
| 218|0x0000000437800000, 0x0000000437800000, 0x0000000437c00000|  0%| F|  |TAMS 0x0000000437800000, 0x0000000437800000| Untracked 
| 219|0x0000000437c00000, 0x0000000437c00000, 0x0000000438000000|  0%| F|  |TAMS 0x0000000437c00000, 0x0000000437c00000| Untracked 
| 220|0x0000000438000000, 0x0000000438000000, 0x0000000438400000|  0%| F|  |TAMS 0x0000000438000000, 0x0000000438000000| Untracked 
| 221|0x0000000438400000, 0x0000000438400000, 0x0000000438800000|  0%| F|  |TAMS 0x0000000438400000, 0x0000000438400000| Untracked 
| 222|0x0000000438800000, 0x0000000438800000, 0x0000000438c00000|  0%| F|  |TAMS 0x0000000438800000, 0x0000000438800000| Untracked 
| 223|0x0000000438c00000, 0x0000000438c00000, 0x0000000439000000|  0%| F|  |TAMS 0x0000000438c00000, 0x0000000438c00000| Untracked 
| 224|0x0000000439000000, 0x0000000439000000, 0x0000000439400000|  0%| F|  |TAMS 0x0000000439000000, 0x0000000439000000| Untracked 
| 225|0x0000000439400000, 0x0000000439400000, 0x0000000439800000|  0%| F|  |TAMS 0x0000000439400000, 0x0000000439400000| Untracked 
| 226|0x0000000439800000, 0x0000000439800000, 0x0000000439c00000|  0%| F|  |TAMS 0x0000000439800000, 0x0000000439800000| Untracked 
| 227|0x0000000439c00000, 0x0000000439c00000, 0x000000043a000000|  0%| F|  |TAMS 0x0000000439c00000, 0x0000000439c00000| Untracked 
| 228|0x000000043a000000, 0x000000043a000000, 0x000000043a400000|  0%| F|  |TAMS 0x000000043a000000, 0x000000043a000000| Untracked 
| 229|0x000000043a400000, 0x000000043a400000, 0x000000043a800000|  0%| F|  |TAMS 0x000000043a400000, 0x000000043a400000| Untracked 
| 230|0x000000043a800000, 0x000000043a800000, 0x000000043ac00000|  0%| F|  |TAMS 0x000000043a800000, 0x000000043a800000| Untracked 
| 231|0x000000043ac00000, 0x000000043ac00000, 0x000000043b000000|  0%| F|  |TAMS 0x000000043ac00000, 0x000000043ac00000| Untracked 
| 232|0x000000043b000000, 0x000000043b000000, 0x000000043b400000|  0%| F|  |TAMS 0x000000043b000000, 0x000000043b000000| Untracked 
| 233|0x000000043b400000, 0x000000043b400000, 0x000000043b800000|  0%| F|  |TAMS 0x000000043b400000, 0x000000043b400000| Untracked 
| 234|0x000000043b800000, 0x000000043b800000, 0x000000043bc00000|  0%| F|  |TAMS 0x000000043b800000, 0x000000043b800000| Untracked 
| 235|0x000000043bc00000, 0x000000043bc00000, 0x000000043c000000|  0%| F|  |TAMS 0x000000043bc00000, 0x000000043bc00000| Untracked 
| 236|0x000000043c000000, 0x000000043c000000, 0x000000043c400000|  0%| F|  |TAMS 0x000000043c000000, 0x000000043c000000| Untracked 
| 237|0x000000043c400000, 0x000000043c400000, 0x000000043c800000|  0%| F|  |TAMS 0x000000043c400000, 0x000000043c400000| Untracked 
| 238|0x000000043c800000, 0x000000043c800000, 0x000000043cc00000|  0%| F|  |TAMS 0x000000043c800000, 0x000000043c800000| Untracked 
| 239|0x000000043cc00000, 0x000000043cc00000, 0x000000043d000000|  0%| F|  |TAMS 0x000000043cc00000, 0x000000043cc00000| Untracked 
| 240|0x000000043d000000, 0x000000043d000000, 0x000000043d400000|  0%| F|  |TAMS 0x000000043d000000, 0x000000043d000000| Untracked 
| 241|0x000000043d400000, 0x000000043d400000, 0x000000043d800000|  0%| F|  |TAMS 0x000000043d400000, 0x000000043d400000| Untracked 
| 242|0x000000043d800000, 0x000000043d800000, 0x000000043dc00000|  0%| F|  |TAMS 0x000000043d800000, 0x000000043d800000| Untracked 
| 243|0x000000043dc00000, 0x000000043dc00000, 0x000000043e000000|  0%| F|  |TAMS 0x000000043dc00000, 0x000000043dc00000| Untracked 
| 244|0x000000043e000000, 0x000000043e000000, 0x000000043e400000|  0%| F|  |TAMS 0x000000043e000000, 0x000000043e000000| Untracked 
| 245|0x000000043e400000, 0x000000043e400000, 0x000000043e800000|  0%| F|  |TAMS 0x000000043e400000, 0x000000043e400000| Untracked 
| 246|0x000000043e800000, 0x000000043e800000, 0x000000043ec00000|  0%| F|  |TAMS 0x000000043e800000, 0x000000043e800000| Untracked 
| 247|0x000000043ec00000, 0x000000043ec00000, 0x000000043f000000|  0%| F|  |TAMS 0x000000043ec00000, 0x000000043ec00000| Untracked 
| 248|0x000000043f000000, 0x000000043f1ec298, 0x000000043f400000| 48%| E|  |TAMS 0x000000043f000000, 0x000000043f000000| Complete 
| 249|0x000000043f400000, 0x000000043f800000, 0x000000043f800000|100%| E|CS|TAMS 0x000000043f400000, 0x000000043f400000| Complete 
| 250|0x000000043f800000, 0x000000043fc00000, 0x000000043fc00000|100%| E|CS|TAMS 0x000000043f800000, 0x000000043f800000| Complete 
| 251|0x000000043fc00000, 0x0000000440000000, 0x0000000440000000|100%| E|CS|TAMS 0x000000043fc00000, 0x000000043fc00000| Complete 
| 252|0x0000000440000000, 0x0000000440400000, 0x0000000440400000|100%| E|CS|TAMS 0x0000000440000000, 0x0000000440000000| Complete 
| 253|0x0000000440400000, 0x0000000440800000, 0x0000000440800000|100%| E|CS|TAMS 0x0000000440400000, 0x0000000440400000| Complete 
| 254|0x0000000440800000, 0x0000000440c00000, 0x0000000440c00000|100%| E|CS|TAMS 0x0000000440800000, 0x0000000440800000| Complete 
| 255|0x0000000440c00000, 0x0000000441000000, 0x0000000441000000|100%| E|CS|TAMS 0x0000000440c00000, 0x0000000440c00000| Complete 

Card table byte_map: [0x0000016758fc0000,0x000001675afc0000] _byte_map_base: 0x0000016756fb8000

Marking Bits (Prev, Next): (CMBitMap*) 0x000001673f2cd478, (CMBitMap*) 0x000001673f2cd4b0
 Prev Bits: [0x000001675cfc0000, 0x000001676cf80000)
 Next Bits: [0x000001676cf80000, 0x000001677cf40000)

Polling page: 0x000001673ce20000

Metaspace:

Usage:
  Non-class:      9.02 MB capacity,     8.92 MB ( 99%) used,    92.89 KB (  1%) free+waste,    15.56 KB ( <1%) overhead. 
      Class:    970.00 KB capacity,   912.30 KB ( 94%) used,    50.63 KB (  5%) free+waste,     7.06 KB ( <1%) overhead. 
       Both:      9.97 MB capacity,     9.81 MB ( 98%) used,   143.52 KB (  1%) free+waste,    22.63 KB ( <1%) overhead. 

Virtual space:
  Non-class space:       10.00 MB reserved,       9.25 MB ( 93%) committed 
      Class space:        1.00 GB reserved,       1.00 MB ( <1%) committed 
             Both:        1.01 GB reserved,      10.25 MB ( <1%) committed 

Chunk freelists:
   Non-Class:  5.00 KB
       Class:  2.75 KB
        Both:  7.75 KB

CodeHeap 'non-profiled nmethods': size=119168Kb used=164Kb max_used=164Kb free=119003Kb
 bounds [0x000001674f0c0000, 0x000001674f330000, 0x0000016756520000]
CodeHeap 'profiled nmethods': size=119168Kb used=1049Kb max_used=1049Kb free=118118Kb
 bounds [0x0000016747c60000, 0x0000016747ed0000, 0x000001674f0c0000]
CodeHeap 'non-nmethods': size=7424Kb used=1166Kb max_used=2284Kb free=6257Kb
 bounds [0x0000016747520000, 0x0000016747790000, 0x0000016747c60000]
 total_blobs=1112 nmethods=636 adapters=298
 compilation: enabled
              stopped_count=0, restarted_count=0
 full_count=0

Compilation events (10 events):
Event: 3317.542 Thread 0x00000167005e2800  629       3       java.lang.StackStreamFactory$FrameBuffer::isEmpty (32 bytes)
Event: 3317.542 Thread 0x00000167005e2800 nmethod 629 0x0000016747d64590 code [0x0000016747d64740, 0x0000016747d64978]
Event: 3317.542 Thread 0x00000167005e2800  630       3       java.util.regex.Pattern$$Lambda$20/0x00000008000c1040::is (9 bytes)
Event: 3317.542 Thread 0x00000167005e2800 nmethod 630 0x0000016747d64a10 code [0x0000016747d64bc0, 0x0000016747d64dd8]
Event: 3317.542 Thread 0x00000167005e2800  631       3       java.util.regex.Pattern::lambda$Single$8 (11 bytes)
Event: 3317.542 Thread 0x00000167005e2800 nmethod 631 0x0000016747d64e90 code [0x0000016747d65040, 0x0000016747d651d8]
Event: 3317.542 Thread 0x00000167005e2800  632       3       java.util.regex.Pattern$GroupTail::match (111 bytes)
Event: 3317.543 Thread 0x00000167005e2800 nmethod 632 0x0000016747d65290 code [0x0000016747d65480, 0x0000016747d658b0]
Event: 7566.084 Thread 0x00000167005e2800  634       1       java.util.concurrent.CopyOnWriteArrayList::getArray (5 bytes)
Event: 7566.084 Thread 0x00000167005e2800 nmethod 634 0x000001674f0e9010 code [0x000001674f0e91c0, 0x000001674f0e92d8]

GC Heap History (0 events):
No events

Deoptimization events (1 events):
Event: 0.058 Thread 0x000001673f208800 Uncommon trap: reason=unstable_if action=reinterpret pc=0x000001674f0c581c method=java.lang.String.hashCode()I @ 14 c2

Classes redefined (3 events):
Event: 3054.873 Thread 0x00000167005a4800 redefined class name=com.mypower24.smd.dns.entity.ServerConnection, count=1
Event: 3079.909 Thread 0x00000167005a4800 redefined class name=com.mypower24.smd.dns.entity.ServerConnection, count=2
Event: 3086.240 Thread 0x00000167005a4800 redefined class name=com.mypower24.smd.dns.entity.ServerConnection, count=3

Internal exceptions (2 events):
Event: 53.953 Thread 0x00000167007c8800 Exception <a 'java/lang/NoSuchMethodError'{0x0000000440852720}: <clinit>> (0x0000000440852720) thrown at [t:/workspace/open/src/hotspot/share/prims/jni.cpp, line 1364]
Event: 1758.814 Thread 0x0000016700725800 Exception <a 'java/lang/ClassNotFoundException'{0x00000004407b7d18}: sun/util/logging/resources/spi/loggingProvider> (0x00000004407b7d18) thrown at [t:/workspace/open/src/hotspot/share/classfile/systemDictionary.cpp, line 231]

Events (10 events):
Event: 3247.708 Executing VM operation: RevokeBias
Event: 3247.708 Executing VM operation: RevokeBias done
Event: 3247.709 Thread 0x00000167014b0000 Thread added: 0x00000167014b0000
Event: 3247.709 Executing VM operation: RevokeBias
Event: 3247.709 Executing VM operation: RevokeBias done
Event: 3317.542 Thread 0x00000167014b0000 DEOPT PACKING pc=0x0000016747d50ac9 sp=0x00000030933fee50
Event: 3317.542 Thread 0x00000167014b0000 DEOPT UNPACKING pc=0x000001674755d6ce sp=0x00000030933fe300 mode 1
Event: 3317.542 Executing VM operation: RevokeBias
Event: 3317.543 Executing VM operation: RevokeBias done
Event: 3317.543 Thread 0x00000167014b0000 Thread exited: 0x00000167014b0000


Dynamic libraries:
0x00007ff798340000 - 0x00007ff798385000 	C:\Program Files\Java\jdk-11\bin\java.exe
0x00007ffbcb320000 - 0x00007ffbcb529000 	C:\WINDOWS\SYSTEM32\ntdll.dll
0x00007ffbcadb0000 - 0x00007ffbcae6d000 	C:\WINDOWS\System32\KERNEL32.DLL
0x00007ffbc8b30000 - 0x00007ffbc8eac000 	C:\WINDOWS\System32\KERNELBASE.dll
0x00007ffbcb130000 - 0x00007ffbcb2dd000 	C:\WINDOWS\System32\USER32.dll
0x00007ffbc8800000 - 0x00007ffbc8826000 	C:\WINDOWS\System32\win32u.dll
0x00007ffbca2e0000 - 0x00007ffbca309000 	C:\WINDOWS\System32\GDI32.dll
0x00007ffbc8eb0000 - 0x00007ffbc8fc9000 	C:\WINDOWS\System32\gdi32full.dll
0x00007ffbc8830000 - 0x00007ffbc88cd000 	C:\WINDOWS\System32\msvcp_win.dll
0x00007ffbc8950000 - 0x00007ffbc8a61000 	C:\WINDOWS\System32\ucrtbase.dll
0x00007ffbb3b30000 - 0x00007ffbb3dd5000 	C:\WINDOWS\WinSxS\amd64_microsoft.windows.common-controls_6595b64144ccf1df_6.0.22000.120_none_9d947278b86cc467\COMCTL32.dll
0x00007ffbc96f0000 - 0x00007ffbc9793000 	C:\WINDOWS\System32\msvcrt.dll
0x00007ffbc9d20000 - 0x00007ffbc9d51000 	C:\WINDOWS\System32\IMM32.DLL
0x00007ffbb17e0000 - 0x00007ffbb17f6000 	C:\Program Files\Java\jdk-11\bin\vcruntime140.dll
0x00007ffba3fd0000 - 0x00007ffba407a000 	C:\Program Files\Java\jdk-11\bin\msvcp140.dll
0x00007ffb44fc0000 - 0x00007ffb45b01000 	C:\Program Files\Java\jdk-11\bin\server\jvm.dll
0x00007ffbcae70000 - 0x00007ffbcaf1e000 	C:\WINDOWS\System32\ADVAPI32.dll
0x00007ffbc9320000 - 0x00007ffbc93be000 	C:\WINDOWS\System32\sechost.dll
0x00007ffbc9e40000 - 0x00007ffbc9f60000 	C:\WINDOWS\System32\RPCRT4.dll
0x00007ffbc97c0000 - 0x00007ffbc97c8000 	C:\WINDOWS\System32\PSAPI.DLL
0x00007ffbb1aa0000 - 0x00007ffbb1aa9000 	C:\WINDOWS\SYSTEM32\WSOCK32.dll
0x00007ffbbb840000 - 0x00007ffbbb873000 	C:\WINDOWS\SYSTEM32\WINMM.dll
0x00007ffbbd9e0000 - 0x00007ffbbd9ea000 	C:\WINDOWS\SYSTEM32\VERSION.dll
0x00007ffbc9ca0000 - 0x00007ffbc9d0f000 	C:\WINDOWS\System32\WS2_32.dll
0x00007ffbc78b0000 - 0x00007ffbc78c8000 	C:\WINDOWS\SYSTEM32\kernel.appcore.dll
0x00007ffbafa20000 - 0x00007ffbafa31000 	C:\Program Files\Java\jdk-11\bin\verify.dll
0x00007ffbc0ea0000 - 0x00007ffbc10c1000 	C:\WINDOWS\SYSTEM32\DBGHELP.DLL
0x00007ffbb4320000 - 0x00007ffbb4351000 	C:\WINDOWS\SYSTEM32\dbgcore.DLL
0x00007ffbc88d0000 - 0x00007ffbc894f000 	C:\WINDOWS\System32\bcryptPrimitives.dll
0x00007ffbaf9f0000 - 0x00007ffbafa18000 	C:\Program Files\Java\jdk-11\bin\java.dll
0x00007ffba5c00000 - 0x00007ffba5c37000 	C:\Program Files\Java\jdk-11\bin\jdwp.dll
0x00007ffbae650000 - 0x00007ffbae666000 	C:\Program Files\Java\jdk-11\bin\zip.dll
0x00007ffbb9740000 - 0x00007ffbb974a000 	C:\Program Files\Java\jdk-11\bin\jimage.dll
0x00007ffbca310000 - 0x00007ffbcaac8000 	C:\WINDOWS\System32\SHELL32.dll
0x00007ffbc67c0000 - 0x00007ffbc7028000 	C:\WINDOWS\SYSTEM32\windows.storage.dll
0x00007ffbc9f60000 - 0x00007ffbca2d9000 	C:\WINDOWS\System32\combase.dll
0x00007ffbc6650000 - 0x00007ffbc67b6000 	C:\WINDOWS\SYSTEM32\wintypes.dll
0x00007ffbc9230000 - 0x00007ffbc931a000 	C:\WINDOWS\System32\SHCORE.dll
0x00007ffbc97d0000 - 0x00007ffbc982d000 	C:\WINDOWS\System32\shlwapi.dll
0x00007ffbc8730000 - 0x00007ffbc8751000 	C:\WINDOWS\SYSTEM32\profapi.dll
0x00007ffbb7b70000 - 0x00007ffbb7b7a000 	C:\Program Files\Java\jdk-11\bin\dt_socket.dll
0x00007ffbc7cd0000 - 0x00007ffbc7d37000 	C:\WINDOWS\System32\mswsock.dll
0x00007ffbc7450000 - 0x00007ffbc7538000 	C:\WINDOWS\SYSTEM32\DNSAPI.dll
0x00007ffbc7420000 - 0x00007ffbc744d000 	C:\WINDOWS\SYSTEM32\IPHLPAPI.DLL
0x00007ffbc9d10000 - 0x00007ffbc9d19000 	C:\WINDOWS\System32\NSI.dll
0x00007ffbc1840000 - 0x00007ffbc18c1000 	C:\WINDOWS\System32\fwpuclnt.dll
0x00007ffbc02c0000 - 0x00007ffbc02ca000 	C:\Windows\System32\rasadhlp.dll
0x00007ffba60f0000 - 0x00007ffba6109000 	C:\Program Files\Java\jdk-11\bin\net.dll
0x00007ffbc32d0000 - 0x00007ffbc33dc000 	C:\WINDOWS\SYSTEM32\WINHTTP.dll
0x00007ffba5b60000 - 0x00007ffba5b73000 	C:\Program Files\Java\jdk-11\bin\nio.dll

dbghelp: loaded successfully - version: 4.0.5 - missing functions: none
symbol engine: initialized successfully - sym options: 0x614 - pdb path: .;C:\Program Files\Java\jdk-11\bin;C:\WINDOWS\SYSTEM32;C:\WINDOWS\WinSxS\amd64_microsoft.windows.common-controls_6595b64144ccf1df_6.0.22000.120_none_9d947278b86cc467;C:\Program Files\Java\jdk-11\bin\server

VM Arguments:
jvm_args: -agentlib:jdwp=transport=dt_socket,server=n,address=61638 
java_command: com.mypower24.smd.dns.Main
java_class_path (initial): C:\Users\henry\Documents\NetBeans12.3Projects\tetraquark\target\classes;C:\Users\henry\.m2\repository\com\mypower24\smd\rar\lib\jcluster-lib\1.0-SNAPSHOT\jcluster-lib-1.0-SNAPSHOT.jar
Launcher Type: SUN_STANDARD

[Global flags]
     intx CICompilerCount                          = 12                                        {product} {ergonomic}
     uint ConcGCThreads                            = 4                                         {product} {ergonomic}
     uint G1ConcRefinementThreads                  = 15                                        {product} {ergonomic}
   size_t G1HeapRegionSize                         = 4194304                                   {product} {ergonomic}
    uintx GCDrainStackTargetSize                   = 64                                        {product} {ergonomic}
   size_t InitialHeapSize                          = 1073741824                                {product} {ergonomic}
   size_t MarkStackSize                            = 4194304                                   {product} {ergonomic}
   size_t MaxHeapSize                              = 17163091968                               {product} {ergonomic}
   size_t MaxNewSize                               = 10297016320                               {product} {ergonomic}
   size_t MinHeapDeltaBytes                        = 4194304                                   {product} {ergonomic}
    uintx NonNMethodCodeHeapSize                   = 7591728                                {pd product} {ergonomic}
    uintx NonProfiledCodeHeapSize                  = 122033256                              {pd product} {ergonomic}
    uintx ProfiledCodeHeapSize                     = 122033256                              {pd product} {ergonomic}
    uintx ReservedCodeCacheSize                    = 251658240                              {pd product} {ergonomic}
     bool SegmentedCodeCache                       = true                                      {product} {ergonomic}
     bool UseCompressedClassPointers               = true                                 {lp64_product} {ergonomic}
     bool UseCompressedOops                        = true                                 {lp64_product} {ergonomic}
     bool UseG1GC                                  = true                                      {product} {ergonomic}
     bool UseLargePagesIndividualAllocation        = false                                  {pd product} {ergonomic}

Logging:
Log output configuration:
 #0: stdout all=warning uptime,level,tags
 #1: stderr all=off uptime,level,tags

Environment Variables:
JAVA_HOME=C:\Program Files\Java\jdk-11
PATH=C:\Program Files (x86)\Common Files\Oracle\Java\javapath;C:\WINDOWS\system32;C:\WINDOWS;C:\WINDOWS\System32\Wbem;C:\WINDOWS\System32\WindowsPowerShell\v1.0\;C:\WINDOWS\System32\OpenSSH\;C:\Program Files\Microsoft SQL Server\120\Tools\Binn\;C:\Program Files\nodejs\;C:\Program Files\Java\jdk-11\bin;C:\apache-maven-3.6.3\bin;C:\Program Files\PuTTY\;C:\Program Files\Microsoft Network Monitor 3\;C:\Program Files\Microchip\xc8\v2.31\bin;C:\dart-sass;C:\Program Files\Microchip\xc32\v3.00\bin;C:\apache-ant-1.10.9\bin;C:\prog\srec;C:\Program Files\dotnet\;C:\Program Files\TortoiseSVN\bin;C:\Program Files (x86)\Bitvise SSH Client;C:\Program Files\MySQL\MySQL Shell 8.0\bin\;C:\Users\henry\scoop\shims;C:\Users\henry\AppData\Local\Microsoft\WindowsApps;C:\Users\henry\AppData\Local\Programs\Microsoft VS Code\bin;C:\Users\henry\AppData\Roaming\npm;C:\Users\henry\AppData\Local\GitHubDesktop\bin;C:\Users\henry\.dotnet\tools;C:\Users\henry\AppData\Local\Microsoft\WindowsApps;C:\Users\henry\AppData\Local\Android\Sdk\platform-tools;C:\Users\henry\Documents\flutter\bin;
USERNAME=henry
OS=Windows_NT
PROCESSOR_IDENTIFIER=Intel64 Family 6 Model 165 Stepping 5, GenuineIntel



---------------  S Y S T E M  ---------------

OS: Windows 10 , 64 bit Build 22000 (10.0.22000.708)

CPU:total 20 (initial active 20) (10 cores per cpu, 2 threads per core) family 6 model 165 stepping 5, cmov, cx8, fxsr, mmx, sse, sse2, sse3, ssse3, sse4.1, sse4.2, popcnt, avx, avx2, aes, clmul, erms, 3dnowpref, lzcnt, ht, tsc, tscinvbit, bmi1, bmi2, adx, fma

Memory: 4k page, system-wide physical 65458M (39378M free)
TotalPageFile size 75186M (AvailPageFile size 43148M)
current process WorkingSet (physical memory assigned to process): 49M, peak: 50M
current process commit charge ("private bytes"): 1161M, peak: 1163M

vm_info: OpenJDK 64-Bit Server VM (11+28) for windows-amd64 JRE (11+28), built on Aug 23 2018 03:04:58 by "mach5one" with MS VC++ 15.5 (VS2017)

END.
