#
# A fatal error has been detected by the Java Runtime Environment:
#
#  EXCEPTION_ACCESS_VIOLATION (0xc0000005) at pc=0x00007ffb4565903b, pid=16408, tid=30456
#
# JRE version: OpenJDK Runtime Environment (11.0+28) (build 11+28)
# Java VM: OpenJDK 64-Bit Server VM (11+28, mixed mode, tiered, compressed oops, g1 gc, windows-amd64)
# Problematic frame:
# V  [jvm.dll+0x69903b]
#
# No core dump will be written. Minidumps are not enabled by default on client versions of Windows
#
# If you would like to submit a bug report, please visit:
#   http://bugreport.java.com/bugreport/crash.jsp
#

---------------  S U M M A R Y ------------

Command Line: -agentlib:jdwp=transport=dt_socket,server=n,address=52363 com.mypower24.smd.dns.Main

Host: Intel(R) Core(TM) i9-10900 CPU @ 2.80GHz, 20 cores, 63G,  Windows 10 , 64 bit Build 22000 (10.0.22000.708)
Time: Fri Sep 30 14:12:12 2022 South Africa Standard Time elapsed time: 7399 seconds (0d 2h 3m 19s)

---------------  T H R E A D  ---------------

Current thread (0x000001ec24bf8000):  JavaThread "127.0.0.1" [_thread_in_vm, id=30456, stack(0x0000000400700000,0x0000000400800000)]

Stack: [0x0000000400700000,0x0000000400800000],  sp=0x00000004007fb4d0,  free space=1005k
Native frames: (J=compiled Java code, j=interpreted, Vv=VM code, C=native code)
V  [jvm.dll+0x69903b]
V  [jvm.dll+0x396943]
V  [jvm.dll+0x532629]
V  [jvm.dll+0x39a2e6]
V  [jvm.dll+0x6cbca5]
V  [jvm.dll+0x6cb5e2]
V  [jvm.dll+0x4286f0]
C  0x000001ec6b9a5d56

Java frames: (J=compiled Java code, j=interpreted, Vv=VM code)
j  java.lang.StackStreamFactory$AbstractStackWalker.fetchStackFrames(JJII[Ljava/lang/Object;)I+0 java.base@11
j  java.lang.StackStreamFactory$AbstractStackWalker.fetchStackFrames(I)I+35 java.base@11
j  java.lang.StackStreamFactory$AbstractStackWalker.getNextBatch()I+61 java.base@11
j  java.lang.StackStreamFactory$AbstractStackWalker.peekFrame()Ljava/lang/Class;+32 java.base@11
j  java.lang.StackStreamFactory$AbstractStackWalker.hasNext()Z+1 java.base@11
j  java.lang.StackStreamFactory$StackFrameTraverser.tryAdvance(Ljava/util/function/Consumer;)Z+16 java.base@11
j  java.util.stream.ReferencePipeline.forEachWithCancel(Ljava/util/Spliterator;Ljava/util/stream/Sink;)Z+13 java.base@11
j  java.util.stream.AbstractPipeline.copyIntoWithCancel(Ljava/util/stream/Sink;Ljava/util/Spliterator;)Z+32 java.base@11
j  java.util.stream.AbstractPipeline.copyInto(Ljava/util/stream/Sink;Ljava/util/Spliterator;)V+49 java.base@11
j  java.util.stream.AbstractPipeline.wrapAndCopyInto(Ljava/util/stream/Sink;Ljava/util/Spliterator;)Ljava/util/stream/Sink;+13 java.base@11
j  java.util.stream.FindOps$FindOp.evaluateSequential(Ljava/util/stream/PipelineHelper;Ljava/util/Spliterator;)Ljava/lang/Object;+14 java.base@11
j  java.util.stream.AbstractPipeline.evaluate(Ljava/util/stream/TerminalOp;)Ljava/lang/Object;+88 java.base@11
j  java.util.stream.ReferencePipeline.findFirst()Ljava/util/Optional;+5 java.base@11
j  java.util.logging.LogRecord$CallerFinder.lambda$get$1(Ljava/util/stream/Stream;)Ljava/util/Optional;+7 java.logging@11
j  java.util.logging.LogRecord$CallerFinder$$Lambda$10.apply(Ljava/lang/Object;)Ljava/lang/Object;+8 java.logging@11
j  java.lang.StackStreamFactory$StackFrameTraverser.consumeFrames()Ljava/lang/Object;+25 java.base@11
j  java.lang.StackStreamFactory$AbstractStackWalker.doStackWalk(JIIII)Ljava/lang/Object;+78 java.base@11
v  ~StubRoutines::call_stub
j  java.lang.StackStreamFactory$AbstractStackWalker.callStackWalk(JIII[Ljava/lang/Object;)Ljava/lang/Object;+0 java.base@11
j  java.lang.StackStreamFactory$AbstractStackWalker.beginStackWalk()Ljava/lang/Object;+31 java.base@11
j  java.lang.StackStreamFactory$AbstractStackWalker.walk()Ljava/lang/Object;+8 java.base@11
j  java.lang.StackWalker.walk(Ljava/util/function/Function;)Ljava/lang/Object;+10 java.base@11
j  java.util.logging.LogRecord$CallerFinder.get()Ljava/util/Optional;+9 java.logging@11
j  java.util.logging.LogRecord.inferCaller()V+12 java.logging@11
j  java.util.logging.LogRecord.getSourceClassName()Ljava/lang/String;+8 java.logging@11
j  java.util.logging.SimpleFormatter.format(Ljava/util/logging/LogRecord;)Ljava/lang/String;+12 java.logging@11
j  java.util.logging.StreamHandler.publish(Ljava/util/logging/LogRecord;)V+14 java.logging@11
j  java.util.logging.ConsoleHandler.publish(Ljava/util/logging/LogRecord;)V+2 java.logging@11
j  java.util.logging.Logger.log(Ljava/util/logging/LogRecord;)V+90 java.logging@11
j  java.util.logging.Logger.doLog(Ljava/util/logging/LogRecord;)V+46 java.logging@11
j  java.util.logging.Logger.log(Ljava/util/logging/Level;Ljava/lang/String;Ljava/lang/Throwable;)V+29 java.logging@11
j  com.mypower24.smd.dns.entity.ServerConnection.run()V+149
j  java.lang.Thread.run()V+11 java.base@11
v  ~StubRoutines::call_stub

siginfo: EXCEPTION_ACCESS_VIOLATION (0xc0000005), reading address 0x0000000000000008


Register to memory mapping:

RIP=0x00007ffb4565903b jvm.dll
RAX=0x0000000000000010 is an unknown value
RBX=0x000001ec24ad4a30 points into unknown readable memory
RCX=0x000000103ff338e0 is pointing into object: 0x000000103fd8fb40

[error occurred during error reporting (printing register info), id 0xc0000005, EXCEPTION_ACCESS_VIOLATION (0xc0000005) at pc=0x00007ffb455e7a3d]

Registers:
RAX=0x0000000000000010, RBX=0x000001ec24ad4a30, RCX=0x000000103ff338e0, RDX=0x0000000000000010
RSP=0x00000004007fb4d0, RBP=0x000000103ff338e0, RSI=0x0000000000000000, RDI=0x000001ec63673be0
R8 =0x0000000000000000, R9 =0x000001ec25040d98, R10=0x000000000000000b, R11=0x000000000000000b
R12=0x0000000000000095, R13=0x00000013ff460248, R14=0x00000013ff460248, R15=0x000001ec24bf8000
RIP=0x00007ffb4565903b, EFLAGS=0x0000000000010206

Top of Stack: (sp=0x00000004007fb4d0)
0x00000004007fb4d0:   00009de37ed2ea36 00000013ff460248
0x00000004007fb4e0:   000001ec24bf8000 000001ec250161b8
0x00000004007fb4f0:   000001ec24bf8000 00007ffb45356943
0x00000004007fb500:   000000103ff338e0 000001ec250161b8
0x00000004007fb510:   00000004007fb550 0000000000000000
0x00000004007fb520:   0000000000000005 00007ffb454f2629
0x00000004007fb530:   000001ec24ad4a30 0000000000000000
0x00000004007fb540:   00000004007fb5b0 000001ec250161b8
0x00000004007fb550:   000001ec250161b8 000001ec24bf8000
0x00000004007fb560:   00000004007fb688 000001ec24bf8000
0x00000004007fb570:   00000004007fc7a0 0000000000000095
0x00000004007fb580:   000001ec24ad4a20 00007ffb4535a2e6
0x00000004007fb590:   000001ec24ad4a28 000000103ff335e8
0x00000004007fb5a0:   000001ec24bf8000 000001ec24bf8000
0x00000004007fb5b0:   00000013ff460248 00000013ff460248
0x00000004007fb5c0:   000001ec250161b8 000001ec24bf8000 

Instructions: (pc=0x00007ffb4565903b)
0x00007ffb4565901b:   2e 48 8b 48 18 e8 3b 26 ce ff 48 8b f0 48 85 db
0x00007ffb4565902b:   74 03 48 8b 2b 48 8b d0 48 8b cd e8 45 19 d0 ff
0x00007ffb4565903b:   48 8b 46 08 4c 8b c3 48 8b d6 48 8b 48 08 48 8b
0x00007ffb4565904b:   41 18 b9 00 80 00 00 66 09 88 3a 01 00 00 48 8b 



---------------  P R O C E S S  ---------------

Threads class SMR info:
_java_thread_list=0x000001ec258c0a30, length=16, elements={
0x000001ec63677000, 0x000001ec24977800, 0x000001ec2499a800, 0x000001ec24a0f000,
0x000001ec24a10000, 0x000001ec24a11800, 0x000001ec249b9800, 0x000001ec249c2800,
0x000001ec24bbf000, 0x000001ec24bc8000, 0x000001ec24bc9000, 0x000001ec24bd8800,
0x000001ec24be2800, 0x000001ec24bf3000, 0x000001ec24bf8000, 0x000001ec24bab800
}

Java Threads: ( => current thread )
  0x000001ec63677000 JavaThread "main" [_thread_in_native, id=28276, stack(0x000000047f100000,0x000000047f200000)]
  0x000001ec24977800 JavaThread "Reference Handler" daemon [_thread_blocked, id=32704, stack(0x000000047f800000,0x000000047f900000)]
  0x000001ec2499a800 JavaThread "Finalizer" daemon [_thread_blocked, id=20660, stack(0x000000047f900000,0x000000047fa00000)]
  0x000001ec24a0f000 JavaThread "Signal Dispatcher" daemon [_thread_blocked, id=18016, stack(0x000000047fa00000,0x000000047fb00000)]
  0x000001ec24a10000 JavaThread "Attach Listener" daemon [_thread_blocked, id=11744, stack(0x000000047fb00000,0x000000047fc00000)]
  0x000001ec24a11800 JavaThread "C2 CompilerThread0" daemon [_thread_blocked, id=19064, stack(0x000000047fc00000,0x000000047fd00000)]
  0x000001ec249b9800 JavaThread "C1 CompilerThread0" daemon [_thread_blocked, id=30268, stack(0x000000047fd00000,0x000000047fe00000)]
  0x000001ec249c2800 JavaThread "Sweeper thread" daemon [_thread_blocked, id=30416, stack(0x000000047fe00000,0x000000047ff00000)]
  0x000001ec24bbf000 JavaThread "JDWP Transport Listener: dt_socket" daemon [_thread_blocked, id=29840, stack(0x0000000400000000,0x0000000400100000)]
  0x000001ec24bc8000 JavaThread "JDWP Event Helper Thread" daemon [_thread_blocked, id=29092, stack(0x0000000400100000,0x0000000400200000)]
  0x000001ec24bc9000 JavaThread "JDWP Command Reader" daemon [_thread_in_native, id=24520, stack(0x0000000400200000,0x0000000400300000)]
  0x000001ec24bd8800 JavaThread "Service Thread" daemon [_thread_blocked, id=28452, stack(0x0000000400300000,0x0000000400400000)]
  0x000001ec24be2800 JavaThread "Common-Cleaner" daemon [_thread_blocked, id=2516, stack(0x0000000400500000,0x0000000400600000)]
  0x000001ec24bf3000 JavaThread "127.0.0.1" [_thread_blocked, id=10964, stack(0x0000000400600000,0x0000000400700000)]
=>0x000001ec24bf8000 JavaThread "127.0.0.1" [_thread_in_vm, id=30456, stack(0x0000000400700000,0x0000000400800000)]
  0x000001ec24bab800 JavaThread "C1 CompilerThread1" daemon [_thread_blocked, id=19416, stack(0x0000000400800000,0x0000000400900000)]

Other Threads:
  0x000001ec24972800 VMThread "VM Thread" [stack: 0x000000047f700000,0x000000047f800000] [id=25080]
  0x000001ec24bda000 WatcherThread [stack: 0x0000000400400000,0x0000000400500000] [id=24268]
  0x000001ec63691000 GCTaskThread "GC Thread#0" [stack: 0x000000047f200000,0x000000047f300000] [id=29544]
  0x000001ec6374e000 ConcurrentGCThread "G1 Main Marker" [stack: 0x000000047f300000,0x000000047f400000] [id=31184]
  0x000001ec63750800 ConcurrentGCThread "G1 Conc#0" [stack: 0x000000047f400000,0x000000047f500000] [id=14712]
  0x000001ec7fc49000 ConcurrentGCThread "G1 Refine#0" [stack: 0x000000047f500000,0x000000047f600000] [id=25748]
  0x000001ec7fc4c000 ConcurrentGCThread "G1 Young RemSet Sampling" [stack: 0x000000047f600000,0x000000047f700000] [id=2884]

Threads with active compile tasks:

VM state:not at safepoint (normal execution)

VM Mutex/Monitor currently owned by a thread:  ([mutex/lock_event])
[0x000001ec63673be0] ResolvedMethodTable_lock - owner thread: 0x000001ec24bf8000

Heap address: 0x0000001000400000, size: 16368 MB, Compressed Oops mode: Non-zero disjoint base: 0x0000001000000000, Oop shift amount: 3
Narrow klass base: 0x00000013ff400000, Narrow klass shift: 0
Compressed class space size: 1073741824 Address: 0x00000013ff400000

Heap:
 garbage-first heap   total 1048576K, used 4096K [0x0000001000400000, 0x00000013ff400000)
  region size 4096K, 2 young (8192K), 0 survivors (0K)
 Metaspace       used 8380K, capacity 8572K, committed 8832K, reserved 1056768K
  class space    used 747K, capacity 804K, committed 896K, reserved 1048576K
Heap Regions: E=young(eden), S=young(survivor), O=old, HS=humongous(starts), HC=humongous(continues), CS=collection set, F=free, A=archive, TAMS=top-at-mark-start (previous, next)
|   0|0x0000001000400000, 0x0000001000400000, 0x0000001000800000|  0%| F|  |TAMS 0x0000001000400000, 0x0000001000400000| Untracked 
|   1|0x0000001000800000, 0x0000001000800000, 0x0000001000c00000|  0%| F|  |TAMS 0x0000001000800000, 0x0000001000800000| Untracked 
|   2|0x0000001000c00000, 0x0000001000c00000, 0x0000001001000000|  0%| F|  |TAMS 0x0000001000c00000, 0x0000001000c00000| Untracked 
|   3|0x0000001001000000, 0x0000001001000000, 0x0000001001400000|  0%| F|  |TAMS 0x0000001001000000, 0x0000001001000000| Untracked 
|   4|0x0000001001400000, 0x0000001001400000, 0x0000001001800000|  0%| F|  |TAMS 0x0000001001400000, 0x0000001001400000| Untracked 
|   5|0x0000001001800000, 0x0000001001800000, 0x0000001001c00000|  0%| F|  |TAMS 0x0000001001800000, 0x0000001001800000| Untracked 
|   6|0x0000001001c00000, 0x0000001001c00000, 0x0000001002000000|  0%| F|  |TAMS 0x0000001001c00000, 0x0000001001c00000| Untracked 
|   7|0x0000001002000000, 0x0000001002000000, 0x0000001002400000|  0%| F|  |TAMS 0x0000001002000000, 0x0000001002000000| Untracked 
|   8|0x0000001002400000, 0x0000001002400000, 0x0000001002800000|  0%| F|  |TAMS 0x0000001002400000, 0x0000001002400000| Untracked 
|   9|0x0000001002800000, 0x0000001002800000, 0x0000001002c00000|  0%| F|  |TAMS 0x0000001002800000, 0x0000001002800000| Untracked 
|  10|0x0000001002c00000, 0x0000001002c00000, 0x0000001003000000|  0%| F|  |TAMS 0x0000001002c00000, 0x0000001002c00000| Untracked 
|  11|0x0000001003000000, 0x0000001003000000, 0x0000001003400000|  0%| F|  |TAMS 0x0000001003000000, 0x0000001003000000| Untracked 
|  12|0x0000001003400000, 0x0000001003400000, 0x0000001003800000|  0%| F|  |TAMS 0x0000001003400000, 0x0000001003400000| Untracked 
|  13|0x0000001003800000, 0x0000001003800000, 0x0000001003c00000|  0%| F|  |TAMS 0x0000001003800000, 0x0000001003800000| Untracked 
|  14|0x0000001003c00000, 0x0000001003c00000, 0x0000001004000000|  0%| F|  |TAMS 0x0000001003c00000, 0x0000001003c00000| Untracked 
|  15|0x0000001004000000, 0x0000001004000000, 0x0000001004400000|  0%| F|  |TAMS 0x0000001004000000, 0x0000001004000000| Untracked 
|  16|0x0000001004400000, 0x0000001004400000, 0x0000001004800000|  0%| F|  |TAMS 0x0000001004400000, 0x0000001004400000| Untracked 
|  17|0x0000001004800000, 0x0000001004800000, 0x0000001004c00000|  0%| F|  |TAMS 0x0000001004800000, 0x0000001004800000| Untracked 
|  18|0x0000001004c00000, 0x0000001004c00000, 0x0000001005000000|  0%| F|  |TAMS 0x0000001004c00000, 0x0000001004c00000| Untracked 
|  19|0x0000001005000000, 0x0000001005000000, 0x0000001005400000|  0%| F|  |TAMS 0x0000001005000000, 0x0000001005000000| Untracked 
|  20|0x0000001005400000, 0x0000001005400000, 0x0000001005800000|  0%| F|  |TAMS 0x0000001005400000, 0x0000001005400000| Untracked 
|  21|0x0000001005800000, 0x0000001005800000, 0x0000001005c00000|  0%| F|  |TAMS 0x0000001005800000, 0x0000001005800000| Untracked 
|  22|0x0000001005c00000, 0x0000001005c00000, 0x0000001006000000|  0%| F|  |TAMS 0x0000001005c00000, 0x0000001005c00000| Untracked 
|  23|0x0000001006000000, 0x0000001006000000, 0x0000001006400000|  0%| F|  |TAMS 0x0000001006000000, 0x0000001006000000| Untracked 
|  24|0x0000001006400000, 0x0000001006400000, 0x0000001006800000|  0%| F|  |TAMS 0x0000001006400000, 0x0000001006400000| Untracked 
|  25|0x0000001006800000, 0x0000001006800000, 0x0000001006c00000|  0%| F|  |TAMS 0x0000001006800000, 0x0000001006800000| Untracked 
|  26|0x0000001006c00000, 0x0000001006c00000, 0x0000001007000000|  0%| F|  |TAMS 0x0000001006c00000, 0x0000001006c00000| Untracked 
|  27|0x0000001007000000, 0x0000001007000000, 0x0000001007400000|  0%| F|  |TAMS 0x0000001007000000, 0x0000001007000000| Untracked 
|  28|0x0000001007400000, 0x0000001007400000, 0x0000001007800000|  0%| F|  |TAMS 0x0000001007400000, 0x0000001007400000| Untracked 
|  29|0x0000001007800000, 0x0000001007800000, 0x0000001007c00000|  0%| F|  |TAMS 0x0000001007800000, 0x0000001007800000| Untracked 
|  30|0x0000001007c00000, 0x0000001007c00000, 0x0000001008000000|  0%| F|  |TAMS 0x0000001007c00000, 0x0000001007c00000| Untracked 
|  31|0x0000001008000000, 0x0000001008000000, 0x0000001008400000|  0%| F|  |TAMS 0x0000001008000000, 0x0000001008000000| Untracked 
|  32|0x0000001008400000, 0x0000001008400000, 0x0000001008800000|  0%| F|  |TAMS 0x0000001008400000, 0x0000001008400000| Untracked 
|  33|0x0000001008800000, 0x0000001008800000, 0x0000001008c00000|  0%| F|  |TAMS 0x0000001008800000, 0x0000001008800000| Untracked 
|  34|0x0000001008c00000, 0x0000001008c00000, 0x0000001009000000|  0%| F|  |TAMS 0x0000001008c00000, 0x0000001008c00000| Untracked 
|  35|0x0000001009000000, 0x0000001009000000, 0x0000001009400000|  0%| F|  |TAMS 0x0000001009000000, 0x0000001009000000| Untracked 
|  36|0x0000001009400000, 0x0000001009400000, 0x0000001009800000|  0%| F|  |TAMS 0x0000001009400000, 0x0000001009400000| Untracked 
|  37|0x0000001009800000, 0x0000001009800000, 0x0000001009c00000|  0%| F|  |TAMS 0x0000001009800000, 0x0000001009800000| Untracked 
|  38|0x0000001009c00000, 0x0000001009c00000, 0x000000100a000000|  0%| F|  |TAMS 0x0000001009c00000, 0x0000001009c00000| Untracked 
|  39|0x000000100a000000, 0x000000100a000000, 0x000000100a400000|  0%| F|  |TAMS 0x000000100a000000, 0x000000100a000000| Untracked 
|  40|0x000000100a400000, 0x000000100a400000, 0x000000100a800000|  0%| F|  |TAMS 0x000000100a400000, 0x000000100a400000| Untracked 
|  41|0x000000100a800000, 0x000000100a800000, 0x000000100ac00000|  0%| F|  |TAMS 0x000000100a800000, 0x000000100a800000| Untracked 
|  42|0x000000100ac00000, 0x000000100ac00000, 0x000000100b000000|  0%| F|  |TAMS 0x000000100ac00000, 0x000000100ac00000| Untracked 
|  43|0x000000100b000000, 0x000000100b000000, 0x000000100b400000|  0%| F|  |TAMS 0x000000100b000000, 0x000000100b000000| Untracked 
|  44|0x000000100b400000, 0x000000100b400000, 0x000000100b800000|  0%| F|  |TAMS 0x000000100b400000, 0x000000100b400000| Untracked 
|  45|0x000000100b800000, 0x000000100b800000, 0x000000100bc00000|  0%| F|  |TAMS 0x000000100b800000, 0x000000100b800000| Untracked 
|  46|0x000000100bc00000, 0x000000100bc00000, 0x000000100c000000|  0%| F|  |TAMS 0x000000100bc00000, 0x000000100bc00000| Untracked 
|  47|0x000000100c000000, 0x000000100c000000, 0x000000100c400000|  0%| F|  |TAMS 0x000000100c000000, 0x000000100c000000| Untracked 
|  48|0x000000100c400000, 0x000000100c400000, 0x000000100c800000|  0%| F|  |TAMS 0x000000100c400000, 0x000000100c400000| Untracked 
|  49|0x000000100c800000, 0x000000100c800000, 0x000000100cc00000|  0%| F|  |TAMS 0x000000100c800000, 0x000000100c800000| Untracked 
|  50|0x000000100cc00000, 0x000000100cc00000, 0x000000100d000000|  0%| F|  |TAMS 0x000000100cc00000, 0x000000100cc00000| Untracked 
|  51|0x000000100d000000, 0x000000100d000000, 0x000000100d400000|  0%| F|  |TAMS 0x000000100d000000, 0x000000100d000000| Untracked 
|  52|0x000000100d400000, 0x000000100d400000, 0x000000100d800000|  0%| F|  |TAMS 0x000000100d400000, 0x000000100d400000| Untracked 
|  53|0x000000100d800000, 0x000000100d800000, 0x000000100dc00000|  0%| F|  |TAMS 0x000000100d800000, 0x000000100d800000| Untracked 
|  54|0x000000100dc00000, 0x000000100dc00000, 0x000000100e000000|  0%| F|  |TAMS 0x000000100dc00000, 0x000000100dc00000| Untracked 
|  55|0x000000100e000000, 0x000000100e000000, 0x000000100e400000|  0%| F|  |TAMS 0x000000100e000000, 0x000000100e000000| Untracked 
|  56|0x000000100e400000, 0x000000100e400000, 0x000000100e800000|  0%| F|  |TAMS 0x000000100e400000, 0x000000100e400000| Untracked 
|  57|0x000000100e800000, 0x000000100e800000, 0x000000100ec00000|  0%| F|  |TAMS 0x000000100e800000, 0x000000100e800000| Untracked 
|  58|0x000000100ec00000, 0x000000100ec00000, 0x000000100f000000|  0%| F|  |TAMS 0x000000100ec00000, 0x000000100ec00000| Untracked 
|  59|0x000000100f000000, 0x000000100f000000, 0x000000100f400000|  0%| F|  |TAMS 0x000000100f000000, 0x000000100f000000| Untracked 
|  60|0x000000100f400000, 0x000000100f400000, 0x000000100f800000|  0%| F|  |TAMS 0x000000100f400000, 0x000000100f400000| Untracked 
|  61|0x000000100f800000, 0x000000100f800000, 0x000000100fc00000|  0%| F|  |TAMS 0x000000100f800000, 0x000000100f800000| Untracked 
|  62|0x000000100fc00000, 0x000000100fc00000, 0x0000001010000000|  0%| F|  |TAMS 0x000000100fc00000, 0x000000100fc00000| Untracked 
|  63|0x0000001010000000, 0x0000001010000000, 0x0000001010400000|  0%| F|  |TAMS 0x0000001010000000, 0x0000001010000000| Untracked 
|  64|0x0000001010400000, 0x0000001010400000, 0x0000001010800000|  0%| F|  |TAMS 0x0000001010400000, 0x0000001010400000| Untracked 
|  65|0x0000001010800000, 0x0000001010800000, 0x0000001010c00000|  0%| F|  |TAMS 0x0000001010800000, 0x0000001010800000| Untracked 
|  66|0x0000001010c00000, 0x0000001010c00000, 0x0000001011000000|  0%| F|  |TAMS 0x0000001010c00000, 0x0000001010c00000| Untracked 
|  67|0x0000001011000000, 0x0000001011000000, 0x0000001011400000|  0%| F|  |TAMS 0x0000001011000000, 0x0000001011000000| Untracked 
|  68|0x0000001011400000, 0x0000001011400000, 0x0000001011800000|  0%| F|  |TAMS 0x0000001011400000, 0x0000001011400000| Untracked 
|  69|0x0000001011800000, 0x0000001011800000, 0x0000001011c00000|  0%| F|  |TAMS 0x0000001011800000, 0x0000001011800000| Untracked 
|  70|0x0000001011c00000, 0x0000001011c00000, 0x0000001012000000|  0%| F|  |TAMS 0x0000001011c00000, 0x0000001011c00000| Untracked 
|  71|0x0000001012000000, 0x0000001012000000, 0x0000001012400000|  0%| F|  |TAMS 0x0000001012000000, 0x0000001012000000| Untracked 
|  72|0x0000001012400000, 0x0000001012400000, 0x0000001012800000|  0%| F|  |TAMS 0x0000001012400000, 0x0000001012400000| Untracked 
|  73|0x0000001012800000, 0x0000001012800000, 0x0000001012c00000|  0%| F|  |TAMS 0x0000001012800000, 0x0000001012800000| Untracked 
|  74|0x0000001012c00000, 0x0000001012c00000, 0x0000001013000000|  0%| F|  |TAMS 0x0000001012c00000, 0x0000001012c00000| Untracked 
|  75|0x0000001013000000, 0x0000001013000000, 0x0000001013400000|  0%| F|  |TAMS 0x0000001013000000, 0x0000001013000000| Untracked 
|  76|0x0000001013400000, 0x0000001013400000, 0x0000001013800000|  0%| F|  |TAMS 0x0000001013400000, 0x0000001013400000| Untracked 
|  77|0x0000001013800000, 0x0000001013800000, 0x0000001013c00000|  0%| F|  |TAMS 0x0000001013800000, 0x0000001013800000| Untracked 
|  78|0x0000001013c00000, 0x0000001013c00000, 0x0000001014000000|  0%| F|  |TAMS 0x0000001013c00000, 0x0000001013c00000| Untracked 
|  79|0x0000001014000000, 0x0000001014000000, 0x0000001014400000|  0%| F|  |TAMS 0x0000001014000000, 0x0000001014000000| Untracked 
|  80|0x0000001014400000, 0x0000001014400000, 0x0000001014800000|  0%| F|  |TAMS 0x0000001014400000, 0x0000001014400000| Untracked 
|  81|0x0000001014800000, 0x0000001014800000, 0x0000001014c00000|  0%| F|  |TAMS 0x0000001014800000, 0x0000001014800000| Untracked 
|  82|0x0000001014c00000, 0x0000001014c00000, 0x0000001015000000|  0%| F|  |TAMS 0x0000001014c00000, 0x0000001014c00000| Untracked 
|  83|0x0000001015000000, 0x0000001015000000, 0x0000001015400000|  0%| F|  |TAMS 0x0000001015000000, 0x0000001015000000| Untracked 
|  84|0x0000001015400000, 0x0000001015400000, 0x0000001015800000|  0%| F|  |TAMS 0x0000001015400000, 0x0000001015400000| Untracked 
|  85|0x0000001015800000, 0x0000001015800000, 0x0000001015c00000|  0%| F|  |TAMS 0x0000001015800000, 0x0000001015800000| Untracked 
|  86|0x0000001015c00000, 0x0000001015c00000, 0x0000001016000000|  0%| F|  |TAMS 0x0000001015c00000, 0x0000001015c00000| Untracked 
|  87|0x0000001016000000, 0x0000001016000000, 0x0000001016400000|  0%| F|  |TAMS 0x0000001016000000, 0x0000001016000000| Untracked 
|  88|0x0000001016400000, 0x0000001016400000, 0x0000001016800000|  0%| F|  |TAMS 0x0000001016400000, 0x0000001016400000| Untracked 
|  89|0x0000001016800000, 0x0000001016800000, 0x0000001016c00000|  0%| F|  |TAMS 0x0000001016800000, 0x0000001016800000| Untracked 
|  90|0x0000001016c00000, 0x0000001016c00000, 0x0000001017000000|  0%| F|  |TAMS 0x0000001016c00000, 0x0000001016c00000| Untracked 
|  91|0x0000001017000000, 0x0000001017000000, 0x0000001017400000|  0%| F|  |TAMS 0x0000001017000000, 0x0000001017000000| Untracked 
|  92|0x0000001017400000, 0x0000001017400000, 0x0000001017800000|  0%| F|  |TAMS 0x0000001017400000, 0x0000001017400000| Untracked 
|  93|0x0000001017800000, 0x0000001017800000, 0x0000001017c00000|  0%| F|  |TAMS 0x0000001017800000, 0x0000001017800000| Untracked 
|  94|0x0000001017c00000, 0x0000001017c00000, 0x0000001018000000|  0%| F|  |TAMS 0x0000001017c00000, 0x0000001017c00000| Untracked 
|  95|0x0000001018000000, 0x0000001018000000, 0x0000001018400000|  0%| F|  |TAMS 0x0000001018000000, 0x0000001018000000| Untracked 
|  96|0x0000001018400000, 0x0000001018400000, 0x0000001018800000|  0%| F|  |TAMS 0x0000001018400000, 0x0000001018400000| Untracked 
|  97|0x0000001018800000, 0x0000001018800000, 0x0000001018c00000|  0%| F|  |TAMS 0x0000001018800000, 0x0000001018800000| Untracked 
|  98|0x0000001018c00000, 0x0000001018c00000, 0x0000001019000000|  0%| F|  |TAMS 0x0000001018c00000, 0x0000001018c00000| Untracked 
|  99|0x0000001019000000, 0x0000001019000000, 0x0000001019400000|  0%| F|  |TAMS 0x0000001019000000, 0x0000001019000000| Untracked 
| 100|0x0000001019400000, 0x0000001019400000, 0x0000001019800000|  0%| F|  |TAMS 0x0000001019400000, 0x0000001019400000| Untracked 
| 101|0x0000001019800000, 0x0000001019800000, 0x0000001019c00000|  0%| F|  |TAMS 0x0000001019800000, 0x0000001019800000| Untracked 
| 102|0x0000001019c00000, 0x0000001019c00000, 0x000000101a000000|  0%| F|  |TAMS 0x0000001019c00000, 0x0000001019c00000| Untracked 
| 103|0x000000101a000000, 0x000000101a000000, 0x000000101a400000|  0%| F|  |TAMS 0x000000101a000000, 0x000000101a000000| Untracked 
| 104|0x000000101a400000, 0x000000101a400000, 0x000000101a800000|  0%| F|  |TAMS 0x000000101a400000, 0x000000101a400000| Untracked 
| 105|0x000000101a800000, 0x000000101a800000, 0x000000101ac00000|  0%| F|  |TAMS 0x000000101a800000, 0x000000101a800000| Untracked 
| 106|0x000000101ac00000, 0x000000101ac00000, 0x000000101b000000|  0%| F|  |TAMS 0x000000101ac00000, 0x000000101ac00000| Untracked 
| 107|0x000000101b000000, 0x000000101b000000, 0x000000101b400000|  0%| F|  |TAMS 0x000000101b000000, 0x000000101b000000| Untracked 
| 108|0x000000101b400000, 0x000000101b400000, 0x000000101b800000|  0%| F|  |TAMS 0x000000101b400000, 0x000000101b400000| Untracked 
| 109|0x000000101b800000, 0x000000101b800000, 0x000000101bc00000|  0%| F|  |TAMS 0x000000101b800000, 0x000000101b800000| Untracked 
| 110|0x000000101bc00000, 0x000000101bc00000, 0x000000101c000000|  0%| F|  |TAMS 0x000000101bc00000, 0x000000101bc00000| Untracked 
| 111|0x000000101c000000, 0x000000101c000000, 0x000000101c400000|  0%| F|  |TAMS 0x000000101c000000, 0x000000101c000000| Untracked 
| 112|0x000000101c400000, 0x000000101c400000, 0x000000101c800000|  0%| F|  |TAMS 0x000000101c400000, 0x000000101c400000| Untracked 
| 113|0x000000101c800000, 0x000000101c800000, 0x000000101cc00000|  0%| F|  |TAMS 0x000000101c800000, 0x000000101c800000| Untracked 
| 114|0x000000101cc00000, 0x000000101cc00000, 0x000000101d000000|  0%| F|  |TAMS 0x000000101cc00000, 0x000000101cc00000| Untracked 
| 115|0x000000101d000000, 0x000000101d000000, 0x000000101d400000|  0%| F|  |TAMS 0x000000101d000000, 0x000000101d000000| Untracked 
| 116|0x000000101d400000, 0x000000101d400000, 0x000000101d800000|  0%| F|  |TAMS 0x000000101d400000, 0x000000101d400000| Untracked 
| 117|0x000000101d800000, 0x000000101d800000, 0x000000101dc00000|  0%| F|  |TAMS 0x000000101d800000, 0x000000101d800000| Untracked 
| 118|0x000000101dc00000, 0x000000101dc00000, 0x000000101e000000|  0%| F|  |TAMS 0x000000101dc00000, 0x000000101dc00000| Untracked 
| 119|0x000000101e000000, 0x000000101e000000, 0x000000101e400000|  0%| F|  |TAMS 0x000000101e000000, 0x000000101e000000| Untracked 
| 120|0x000000101e400000, 0x000000101e400000, 0x000000101e800000|  0%| F|  |TAMS 0x000000101e400000, 0x000000101e400000| Untracked 
| 121|0x000000101e800000, 0x000000101e800000, 0x000000101ec00000|  0%| F|  |TAMS 0x000000101e800000, 0x000000101e800000| Untracked 
| 122|0x000000101ec00000, 0x000000101ec00000, 0x000000101f000000|  0%| F|  |TAMS 0x000000101ec00000, 0x000000101ec00000| Untracked 
| 123|0x000000101f000000, 0x000000101f000000, 0x000000101f400000|  0%| F|  |TAMS 0x000000101f000000, 0x000000101f000000| Untracked 
| 124|0x000000101f400000, 0x000000101f400000, 0x000000101f800000|  0%| F|  |TAMS 0x000000101f400000, 0x000000101f400000| Untracked 
| 125|0x000000101f800000, 0x000000101f800000, 0x000000101fc00000|  0%| F|  |TAMS 0x000000101f800000, 0x000000101f800000| Untracked 
| 126|0x000000101fc00000, 0x000000101fc00000, 0x0000001020000000|  0%| F|  |TAMS 0x000000101fc00000, 0x000000101fc00000| Untracked 
| 127|0x0000001020000000, 0x0000001020000000, 0x0000001020400000|  0%| F|  |TAMS 0x0000001020000000, 0x0000001020000000| Untracked 
| 128|0x0000001020400000, 0x0000001020400000, 0x0000001020800000|  0%| F|  |TAMS 0x0000001020400000, 0x0000001020400000| Untracked 
| 129|0x0000001020800000, 0x0000001020800000, 0x0000001020c00000|  0%| F|  |TAMS 0x0000001020800000, 0x0000001020800000| Untracked 
| 130|0x0000001020c00000, 0x0000001020c00000, 0x0000001021000000|  0%| F|  |TAMS 0x0000001020c00000, 0x0000001020c00000| Untracked 
| 131|0x0000001021000000, 0x0000001021000000, 0x0000001021400000|  0%| F|  |TAMS 0x0000001021000000, 0x0000001021000000| Untracked 
| 132|0x0000001021400000, 0x0000001021400000, 0x0000001021800000|  0%| F|  |TAMS 0x0000001021400000, 0x0000001021400000| Untracked 
| 133|0x0000001021800000, 0x0000001021800000, 0x0000001021c00000|  0%| F|  |TAMS 0x0000001021800000, 0x0000001021800000| Untracked 
| 134|0x0000001021c00000, 0x0000001021c00000, 0x0000001022000000|  0%| F|  |TAMS 0x0000001021c00000, 0x0000001021c00000| Untracked 
| 135|0x0000001022000000, 0x0000001022000000, 0x0000001022400000|  0%| F|  |TAMS 0x0000001022000000, 0x0000001022000000| Untracked 
| 136|0x0000001022400000, 0x0000001022400000, 0x0000001022800000|  0%| F|  |TAMS 0x0000001022400000, 0x0000001022400000| Untracked 
| 137|0x0000001022800000, 0x0000001022800000, 0x0000001022c00000|  0%| F|  |TAMS 0x0000001022800000, 0x0000001022800000| Untracked 
| 138|0x0000001022c00000, 0x0000001022c00000, 0x0000001023000000|  0%| F|  |TAMS 0x0000001022c00000, 0x0000001022c00000| Untracked 
| 139|0x0000001023000000, 0x0000001023000000, 0x0000001023400000|  0%| F|  |TAMS 0x0000001023000000, 0x0000001023000000| Untracked 
| 140|0x0000001023400000, 0x0000001023400000, 0x0000001023800000|  0%| F|  |TAMS 0x0000001023400000, 0x0000001023400000| Untracked 
| 141|0x0000001023800000, 0x0000001023800000, 0x0000001023c00000|  0%| F|  |TAMS 0x0000001023800000, 0x0000001023800000| Untracked 
| 142|0x0000001023c00000, 0x0000001023c00000, 0x0000001024000000|  0%| F|  |TAMS 0x0000001023c00000, 0x0000001023c00000| Untracked 
| 143|0x0000001024000000, 0x0000001024000000, 0x0000001024400000|  0%| F|  |TAMS 0x0000001024000000, 0x0000001024000000| Untracked 
| 144|0x0000001024400000, 0x0000001024400000, 0x0000001024800000|  0%| F|  |TAMS 0x0000001024400000, 0x0000001024400000| Untracked 
| 145|0x0000001024800000, 0x0000001024800000, 0x0000001024c00000|  0%| F|  |TAMS 0x0000001024800000, 0x0000001024800000| Untracked 
| 146|0x0000001024c00000, 0x0000001024c00000, 0x0000001025000000|  0%| F|  |TAMS 0x0000001024c00000, 0x0000001024c00000| Untracked 
| 147|0x0000001025000000, 0x0000001025000000, 0x0000001025400000|  0%| F|  |TAMS 0x0000001025000000, 0x0000001025000000| Untracked 
| 148|0x0000001025400000, 0x0000001025400000, 0x0000001025800000|  0%| F|  |TAMS 0x0000001025400000, 0x0000001025400000| Untracked 
| 149|0x0000001025800000, 0x0000001025800000, 0x0000001025c00000|  0%| F|  |TAMS 0x0000001025800000, 0x0000001025800000| Untracked 
| 150|0x0000001025c00000, 0x0000001025c00000, 0x0000001026000000|  0%| F|  |TAMS 0x0000001025c00000, 0x0000001025c00000| Untracked 
| 151|0x0000001026000000, 0x0000001026000000, 0x0000001026400000|  0%| F|  |TAMS 0x0000001026000000, 0x0000001026000000| Untracked 
| 152|0x0000001026400000, 0x0000001026400000, 0x0000001026800000|  0%| F|  |TAMS 0x0000001026400000, 0x0000001026400000| Untracked 
| 153|0x0000001026800000, 0x0000001026800000, 0x0000001026c00000|  0%| F|  |TAMS 0x0000001026800000, 0x0000001026800000| Untracked 
| 154|0x0000001026c00000, 0x0000001026c00000, 0x0000001027000000|  0%| F|  |TAMS 0x0000001026c00000, 0x0000001026c00000| Untracked 
| 155|0x0000001027000000, 0x0000001027000000, 0x0000001027400000|  0%| F|  |TAMS 0x0000001027000000, 0x0000001027000000| Untracked 
| 156|0x0000001027400000, 0x0000001027400000, 0x0000001027800000|  0%| F|  |TAMS 0x0000001027400000, 0x0000001027400000| Untracked 
| 157|0x0000001027800000, 0x0000001027800000, 0x0000001027c00000|  0%| F|  |TAMS 0x0000001027800000, 0x0000001027800000| Untracked 
| 158|0x0000001027c00000, 0x0000001027c00000, 0x0000001028000000|  0%| F|  |TAMS 0x0000001027c00000, 0x0000001027c00000| Untracked 
| 159|0x0000001028000000, 0x0000001028000000, 0x0000001028400000|  0%| F|  |TAMS 0x0000001028000000, 0x0000001028000000| Untracked 
| 160|0x0000001028400000, 0x0000001028400000, 0x0000001028800000|  0%| F|  |TAMS 0x0000001028400000, 0x0000001028400000| Untracked 
| 161|0x0000001028800000, 0x0000001028800000, 0x0000001028c00000|  0%| F|  |TAMS 0x0000001028800000, 0x0000001028800000| Untracked 
| 162|0x0000001028c00000, 0x0000001028c00000, 0x0000001029000000|  0%| F|  |TAMS 0x0000001028c00000, 0x0000001028c00000| Untracked 
| 163|0x0000001029000000, 0x0000001029000000, 0x0000001029400000|  0%| F|  |TAMS 0x0000001029000000, 0x0000001029000000| Untracked 
| 164|0x0000001029400000, 0x0000001029400000, 0x0000001029800000|  0%| F|  |TAMS 0x0000001029400000, 0x0000001029400000| Untracked 
| 165|0x0000001029800000, 0x0000001029800000, 0x0000001029c00000|  0%| F|  |TAMS 0x0000001029800000, 0x0000001029800000| Untracked 
| 166|0x0000001029c00000, 0x0000001029c00000, 0x000000102a000000|  0%| F|  |TAMS 0x0000001029c00000, 0x0000001029c00000| Untracked 
| 167|0x000000102a000000, 0x000000102a000000, 0x000000102a400000|  0%| F|  |TAMS 0x000000102a000000, 0x000000102a000000| Untracked 
| 168|0x000000102a400000, 0x000000102a400000, 0x000000102a800000|  0%| F|  |TAMS 0x000000102a400000, 0x000000102a400000| Untracked 
| 169|0x000000102a800000, 0x000000102a800000, 0x000000102ac00000|  0%| F|  |TAMS 0x000000102a800000, 0x000000102a800000| Untracked 
| 170|0x000000102ac00000, 0x000000102ac00000, 0x000000102b000000|  0%| F|  |TAMS 0x000000102ac00000, 0x000000102ac00000| Untracked 
| 171|0x000000102b000000, 0x000000102b000000, 0x000000102b400000|  0%| F|  |TAMS 0x000000102b000000, 0x000000102b000000| Untracked 
| 172|0x000000102b400000, 0x000000102b400000, 0x000000102b800000|  0%| F|  |TAMS 0x000000102b400000, 0x000000102b400000| Untracked 
| 173|0x000000102b800000, 0x000000102b800000, 0x000000102bc00000|  0%| F|  |TAMS 0x000000102b800000, 0x000000102b800000| Untracked 
| 174|0x000000102bc00000, 0x000000102bc00000, 0x000000102c000000|  0%| F|  |TAMS 0x000000102bc00000, 0x000000102bc00000| Untracked 
| 175|0x000000102c000000, 0x000000102c000000, 0x000000102c400000|  0%| F|  |TAMS 0x000000102c000000, 0x000000102c000000| Untracked 
| 176|0x000000102c400000, 0x000000102c400000, 0x000000102c800000|  0%| F|  |TAMS 0x000000102c400000, 0x000000102c400000| Untracked 
| 177|0x000000102c800000, 0x000000102c800000, 0x000000102cc00000|  0%| F|  |TAMS 0x000000102c800000, 0x000000102c800000| Untracked 
| 178|0x000000102cc00000, 0x000000102cc00000, 0x000000102d000000|  0%| F|  |TAMS 0x000000102cc00000, 0x000000102cc00000| Untracked 
| 179|0x000000102d000000, 0x000000102d000000, 0x000000102d400000|  0%| F|  |TAMS 0x000000102d000000, 0x000000102d000000| Untracked 
| 180|0x000000102d400000, 0x000000102d400000, 0x000000102d800000|  0%| F|  |TAMS 0x000000102d400000, 0x000000102d400000| Untracked 
| 181|0x000000102d800000, 0x000000102d800000, 0x000000102dc00000|  0%| F|  |TAMS 0x000000102d800000, 0x000000102d800000| Untracked 
| 182|0x000000102dc00000, 0x000000102dc00000, 0x000000102e000000|  0%| F|  |TAMS 0x000000102dc00000, 0x000000102dc00000| Untracked 
| 183|0x000000102e000000, 0x000000102e000000, 0x000000102e400000|  0%| F|  |TAMS 0x000000102e000000, 0x000000102e000000| Untracked 
| 184|0x000000102e400000, 0x000000102e400000, 0x000000102e800000|  0%| F|  |TAMS 0x000000102e400000, 0x000000102e400000| Untracked 
| 185|0x000000102e800000, 0x000000102e800000, 0x000000102ec00000|  0%| F|  |TAMS 0x000000102e800000, 0x000000102e800000| Untracked 
| 186|0x000000102ec00000, 0x000000102ec00000, 0x000000102f000000|  0%| F|  |TAMS 0x000000102ec00000, 0x000000102ec00000| Untracked 
| 187|0x000000102f000000, 0x000000102f000000, 0x000000102f400000|  0%| F|  |TAMS 0x000000102f000000, 0x000000102f000000| Untracked 
| 188|0x000000102f400000, 0x000000102f400000, 0x000000102f800000|  0%| F|  |TAMS 0x000000102f400000, 0x000000102f400000| Untracked 
| 189|0x000000102f800000, 0x000000102f800000, 0x000000102fc00000|  0%| F|  |TAMS 0x000000102f800000, 0x000000102f800000| Untracked 
| 190|0x000000102fc00000, 0x000000102fc00000, 0x0000001030000000|  0%| F|  |TAMS 0x000000102fc00000, 0x000000102fc00000| Untracked 
| 191|0x0000001030000000, 0x0000001030000000, 0x0000001030400000|  0%| F|  |TAMS 0x0000001030000000, 0x0000001030000000| Untracked 
| 192|0x0000001030400000, 0x0000001030400000, 0x0000001030800000|  0%| F|  |TAMS 0x0000001030400000, 0x0000001030400000| Untracked 
| 193|0x0000001030800000, 0x0000001030800000, 0x0000001030c00000|  0%| F|  |TAMS 0x0000001030800000, 0x0000001030800000| Untracked 
| 194|0x0000001030c00000, 0x0000001030c00000, 0x0000001031000000|  0%| F|  |TAMS 0x0000001030c00000, 0x0000001030c00000| Untracked 
| 195|0x0000001031000000, 0x0000001031000000, 0x0000001031400000|  0%| F|  |TAMS 0x0000001031000000, 0x0000001031000000| Untracked 
| 196|0x0000001031400000, 0x0000001031400000, 0x0000001031800000|  0%| F|  |TAMS 0x0000001031400000, 0x0000001031400000| Untracked 
| 197|0x0000001031800000, 0x0000001031800000, 0x0000001031c00000|  0%| F|  |TAMS 0x0000001031800000, 0x0000001031800000| Untracked 
| 198|0x0000001031c00000, 0x0000001031c00000, 0x0000001032000000|  0%| F|  |TAMS 0x0000001031c00000, 0x0000001031c00000| Untracked 
| 199|0x0000001032000000, 0x0000001032000000, 0x0000001032400000|  0%| F|  |TAMS 0x0000001032000000, 0x0000001032000000| Untracked 
| 200|0x0000001032400000, 0x0000001032400000, 0x0000001032800000|  0%| F|  |TAMS 0x0000001032400000, 0x0000001032400000| Untracked 
| 201|0x0000001032800000, 0x0000001032800000, 0x0000001032c00000|  0%| F|  |TAMS 0x0000001032800000, 0x0000001032800000| Untracked 
| 202|0x0000001032c00000, 0x0000001032c00000, 0x0000001033000000|  0%| F|  |TAMS 0x0000001032c00000, 0x0000001032c00000| Untracked 
| 203|0x0000001033000000, 0x0000001033000000, 0x0000001033400000|  0%| F|  |TAMS 0x0000001033000000, 0x0000001033000000| Untracked 
| 204|0x0000001033400000, 0x0000001033400000, 0x0000001033800000|  0%| F|  |TAMS 0x0000001033400000, 0x0000001033400000| Untracked 
| 205|0x0000001033800000, 0x0000001033800000, 0x0000001033c00000|  0%| F|  |TAMS 0x0000001033800000, 0x0000001033800000| Untracked 
| 206|0x0000001033c00000, 0x0000001033c00000, 0x0000001034000000|  0%| F|  |TAMS 0x0000001033c00000, 0x0000001033c00000| Untracked 
| 207|0x0000001034000000, 0x0000001034000000, 0x0000001034400000|  0%| F|  |TAMS 0x0000001034000000, 0x0000001034000000| Untracked 
| 208|0x0000001034400000, 0x0000001034400000, 0x0000001034800000|  0%| F|  |TAMS 0x0000001034400000, 0x0000001034400000| Untracked 
| 209|0x0000001034800000, 0x0000001034800000, 0x0000001034c00000|  0%| F|  |TAMS 0x0000001034800000, 0x0000001034800000| Untracked 
| 210|0x0000001034c00000, 0x0000001034c00000, 0x0000001035000000|  0%| F|  |TAMS 0x0000001034c00000, 0x0000001034c00000| Untracked 
| 211|0x0000001035000000, 0x0000001035000000, 0x0000001035400000|  0%| F|  |TAMS 0x0000001035000000, 0x0000001035000000| Untracked 
| 212|0x0000001035400000, 0x0000001035400000, 0x0000001035800000|  0%| F|  |TAMS 0x0000001035400000, 0x0000001035400000| Untracked 
| 213|0x0000001035800000, 0x0000001035800000, 0x0000001035c00000|  0%| F|  |TAMS 0x0000001035800000, 0x0000001035800000| Untracked 
| 214|0x0000001035c00000, 0x0000001035c00000, 0x0000001036000000|  0%| F|  |TAMS 0x0000001035c00000, 0x0000001035c00000| Untracked 
| 215|0x0000001036000000, 0x0000001036000000, 0x0000001036400000|  0%| F|  |TAMS 0x0000001036000000, 0x0000001036000000| Untracked 
| 216|0x0000001036400000, 0x0000001036400000, 0x0000001036800000|  0%| F|  |TAMS 0x0000001036400000, 0x0000001036400000| Untracked 
| 217|0x0000001036800000, 0x0000001036800000, 0x0000001036c00000|  0%| F|  |TAMS 0x0000001036800000, 0x0000001036800000| Untracked 
| 218|0x0000001036c00000, 0x0000001036c00000, 0x0000001037000000|  0%| F|  |TAMS 0x0000001036c00000, 0x0000001036c00000| Untracked 
| 219|0x0000001037000000, 0x0000001037000000, 0x0000001037400000|  0%| F|  |TAMS 0x0000001037000000, 0x0000001037000000| Untracked 
| 220|0x0000001037400000, 0x0000001037400000, 0x0000001037800000|  0%| F|  |TAMS 0x0000001037400000, 0x0000001037400000| Untracked 
| 221|0x0000001037800000, 0x0000001037800000, 0x0000001037c00000|  0%| F|  |TAMS 0x0000001037800000, 0x0000001037800000| Untracked 
| 222|0x0000001037c00000, 0x0000001037c00000, 0x0000001038000000|  0%| F|  |TAMS 0x0000001037c00000, 0x0000001037c00000| Untracked 
| 223|0x0000001038000000, 0x0000001038000000, 0x0000001038400000|  0%| F|  |TAMS 0x0000001038000000, 0x0000001038000000| Untracked 
| 224|0x0000001038400000, 0x0000001038400000, 0x0000001038800000|  0%| F|  |TAMS 0x0000001038400000, 0x0000001038400000| Untracked 
| 225|0x0000001038800000, 0x0000001038800000, 0x0000001038c00000|  0%| F|  |TAMS 0x0000001038800000, 0x0000001038800000| Untracked 
| 226|0x0000001038c00000, 0x0000001038c00000, 0x0000001039000000|  0%| F|  |TAMS 0x0000001038c00000, 0x0000001038c00000| Untracked 
| 227|0x0000001039000000, 0x0000001039000000, 0x0000001039400000|  0%| F|  |TAMS 0x0000001039000000, 0x0000001039000000| Untracked 
| 228|0x0000001039400000, 0x0000001039400000, 0x0000001039800000|  0%| F|  |TAMS 0x0000001039400000, 0x0000001039400000| Untracked 
| 229|0x0000001039800000, 0x0000001039800000, 0x0000001039c00000|  0%| F|  |TAMS 0x0000001039800000, 0x0000001039800000| Untracked 
| 230|0x0000001039c00000, 0x0000001039c00000, 0x000000103a000000|  0%| F|  |TAMS 0x0000001039c00000, 0x0000001039c00000| Untracked 
| 231|0x000000103a000000, 0x000000103a000000, 0x000000103a400000|  0%| F|  |TAMS 0x000000103a000000, 0x000000103a000000| Untracked 
| 232|0x000000103a400000, 0x000000103a400000, 0x000000103a800000|  0%| F|  |TAMS 0x000000103a400000, 0x000000103a400000| Untracked 
| 233|0x000000103a800000, 0x000000103a800000, 0x000000103ac00000|  0%| F|  |TAMS 0x000000103a800000, 0x000000103a800000| Untracked 
| 234|0x000000103ac00000, 0x000000103ac00000, 0x000000103b000000|  0%| F|  |TAMS 0x000000103ac00000, 0x000000103ac00000| Untracked 
| 235|0x000000103b000000, 0x000000103b000000, 0x000000103b400000|  0%| F|  |TAMS 0x000000103b000000, 0x000000103b000000| Untracked 
| 236|0x000000103b400000, 0x000000103b400000, 0x000000103b800000|  0%| F|  |TAMS 0x000000103b400000, 0x000000103b400000| Untracked 
| 237|0x000000103b800000, 0x000000103b800000, 0x000000103bc00000|  0%| F|  |TAMS 0x000000103b800000, 0x000000103b800000| Untracked 
| 238|0x000000103bc00000, 0x000000103bc00000, 0x000000103c000000|  0%| F|  |TAMS 0x000000103bc00000, 0x000000103bc00000| Untracked 
| 239|0x000000103c000000, 0x000000103c000000, 0x000000103c400000|  0%| F|  |TAMS 0x000000103c000000, 0x000000103c000000| Untracked 
| 240|0x000000103c400000, 0x000000103c400000, 0x000000103c800000|  0%| F|  |TAMS 0x000000103c400000, 0x000000103c400000| Untracked 
| 241|0x000000103c800000, 0x000000103c800000, 0x000000103cc00000|  0%| F|  |TAMS 0x000000103c800000, 0x000000103c800000| Untracked 
| 242|0x000000103cc00000, 0x000000103cc00000, 0x000000103d000000|  0%| F|  |TAMS 0x000000103cc00000, 0x000000103cc00000| Untracked 
| 243|0x000000103d000000, 0x000000103d000000, 0x000000103d400000|  0%| F|  |TAMS 0x000000103d000000, 0x000000103d000000| Untracked 
| 244|0x000000103d400000, 0x000000103d400000, 0x000000103d800000|  0%| F|  |TAMS 0x000000103d400000, 0x000000103d400000| Untracked 
| 245|0x000000103d800000, 0x000000103d800000, 0x000000103dc00000|  0%| F|  |TAMS 0x000000103d800000, 0x000000103d800000| Untracked 
| 246|0x000000103dc00000, 0x000000103dc00000, 0x000000103e000000|  0%| F|  |TAMS 0x000000103dc00000, 0x000000103dc00000| Untracked 
| 247|0x000000103e000000, 0x000000103e000000, 0x000000103e400000|  0%| F|  |TAMS 0x000000103e000000, 0x000000103e000000| Untracked 
| 248|0x000000103e400000, 0x000000103e400000, 0x000000103e800000|  0%| F|  |TAMS 0x000000103e400000, 0x000000103e400000| Untracked 
| 249|0x000000103e800000, 0x000000103e800000, 0x000000103ec00000|  0%| F|  |TAMS 0x000000103e800000, 0x000000103e800000| Untracked 
| 250|0x000000103ec00000, 0x000000103ec00000, 0x000000103f000000|  0%| F|  |TAMS 0x000000103ec00000, 0x000000103ec00000| Untracked 
| 251|0x000000103f000000, 0x000000103f000000, 0x000000103f400000|  0%| F|  |TAMS 0x000000103f000000, 0x000000103f000000| Untracked 
| 252|0x000000103f400000, 0x000000103f400000, 0x000000103f800000|  0%| F|  |TAMS 0x000000103f400000, 0x000000103f400000| Untracked 
| 253|0x000000103f800000, 0x000000103f800000, 0x000000103fc00000|  0%| F|  |TAMS 0x000000103f800000, 0x000000103f800000| Untracked 
| 254|0x000000103fc00000, 0x000000103ffd9b18, 0x0000001040000000| 96%| E|  |TAMS 0x000000103fc00000, 0x000000103fc00000| Complete 
| 255|0x0000001040000000, 0x0000001040400000, 0x0000001040400000|100%| E|CS|TAMS 0x0000001040000000, 0x0000001040000000| Complete 

Card table byte_map: [0x000001ec7d430000,0x000001ec7f430000] _byte_map_base: 0x000001ec7542e000

Marking Bits (Prev, Next): (CMBitMap*) 0x000001ec6373d768, (CMBitMap*) 0x000001ec6373d7a0
 Prev Bits: [0x000001ec02000000, 0x000001ec11fc0000)
 Next Bits: [0x000001ec11fc0000, 0x000001ec21f80000)

Polling page: 0x000001ec62d40000

Metaspace:

Usage:
  Non-class:      7.59 MB capacity,     7.45 MB ( 98%) used,   125.25 KB (  2%) free+waste,    10.19 KB ( <1%) overhead. 
      Class:    804.00 KB capacity,   747.66 KB ( 93%) used,    51.72 KB (  6%) free+waste,     4.63 KB ( <1%) overhead. 
       Both:      8.37 MB capacity,     8.18 MB ( 98%) used,   176.97 KB (  2%) free+waste,    14.81 KB ( <1%) overhead. 

Virtual space:
  Non-class space:        8.00 MB reserved,       7.75 MB ( 97%) committed 
      Class space:        1.00 GB reserved,     896.00 KB ( <1%) committed 
             Both:        1.01 GB reserved,       8.63 MB ( <1%) committed 

Chunk freelists:
   Non-Class:  5.00 KB
       Class:  3.50 KB
        Both:  8.50 KB

CodeHeap 'non-profiled nmethods': size=119168Kb used=112Kb max_used=112Kb free=119055Kb
 bounds [0x000001ec73530000, 0x000001ec737a0000, 0x000001ec7a990000]
CodeHeap 'profiled nmethods': size=119168Kb used=735Kb max_used=735Kb free=118432Kb
 bounds [0x000001ec6c0d0000, 0x000001ec6c340000, 0x000001ec73530000]
CodeHeap 'non-nmethods': size=7424Kb used=1709Kb max_used=1722Kb free=5714Kb
 bounds [0x000001ec6b990000, 0x000001ec6bc00000, 0x000001ec6c0d0000]
 total_blobs=866 nmethods=435 adapters=266
 compilation: enabled
              stopped_count=0, restarted_count=0
 full_count=0

Compilation events (10 events):
Event: 7399.753 Thread 0x000001ec249b9800 nmethod 431 0x000001ec6c187190 code [0x000001ec6c187340, 0x000001ec6c187510]
Event: 7399.753 Thread 0x000001ec249b9800  434       3       java.nio.MappedByteBuffer::position (8 bytes)
Event: 7399.753 Thread 0x000001ec24bab800  433       3       java.nio.MappedByteBuffer::limit (8 bytes)
Event: 7399.753 Thread 0x000001ec249b9800 nmethod 434 0x000001ec6c187590 code [0x000001ec6c187760, 0x000001ec6c187990]
Event: 7399.753 Thread 0x000001ec249b9800  432       1       java.nio.DirectByteBuffer::address (5 bytes)
Event: 7399.753 Thread 0x000001ec24bab800 nmethod 433 0x000001ec6c187a90 code [0x000001ec6c187c60, 0x000001ec6c187e90]
Event: 7399.753 Thread 0x000001ec249b9800 nmethod 432 0x000001ec7354ae90 code [0x000001ec7354b040, 0x000001ec7354b178]
Event: 7399.755 Thread 0x000001ec24a11800 nmethod 419 0x000001ec7354b210 code [0x000001ec7354b3a0, 0x000001ec7354b5f8]
Event: 7399.755 Thread 0x000001ec24a11800  418       4       java.lang.StringUTF16::compress (50 bytes)
Event: 7399.759 Thread 0x000001ec24a11800 nmethod 418 0x000001ec7354b910 code [0x000001ec7354baa0, 0x000001ec7354bf18]

GC Heap History (0 events):
No events

Deoptimization events (2 events):
Event: 0.094 Thread 0x000001ec63677000 Uncommon trap: reason=unstable_if action=reinterpret pc=0x000001ec7353582c method=java.lang.String.hashCode()I @ 14 c2
Event: 2.947 Thread 0x000001ec24bf3000 Uncommon trap: reason=unstable_if action=reinterpret pc=0x000001ec73537860 method=java.lang.StringLatin1.canEncode(I)Z @ 4 c2

Classes redefined (1 events):
Event: 7380.855 Thread 0x000001ec24972800 redefined class name=com.mypower24.smd.dns.entity.ServerConnection, count=1

Internal exceptions (6 events):
Event: 7399.718 Thread 0x000001ec24bf3000 Exception <a 'java/net/SocketException'{0x000000103fd68eb8}: Software caused connection abort: socket write error> (0x000000103fd68eb8) thrown at [t:/workspace/open/src/hotspot/share/prims/jni.cpp, line 636]
Event: 7399.718 Thread 0x000001ec24bf8000 Exception <a 'java/net/SocketException'{0x000000103fc5fcc8}: Software caused connection abort: socket write error> (0x000000103fc5fcc8) thrown at [t:/workspace/open/src/hotspot/share/prims/jni.cpp, line 636]
Event: 7399.718 Thread 0x000001ec24bf3000 Exception <a 'java/net/SocketException'{0x000000103fd691e8}: Software caused connection abort: socket write error> (0x000000103fd691e8) thrown at [t:/workspace/open/src/hotspot/share/prims/jni.cpp, line 636]
Event: 7399.718 Thread 0x000001ec24bf8000 Exception <a 'java/net/SocketException'{0x000000103fc5fff8}: Software caused connection abort: socket write error> (0x000000103fc5fff8) thrown at [t:/workspace/open/src/hotspot/share/prims/jni.cpp, line 636]
Event: 7399.720 Thread 0x000001ec24bf3000 Exception <a 'java/net/SocketException'{0x000000103fd831f0}: Software caused connection abort: socket write error> (0x000000103fd831f0) thrown at [t:/workspace/open/src/hotspot/share/prims/jni.cpp, line 636]
Event: 7399.720 Thread 0x000001ec24bf8000 Exception <a 'java/net/SocketException'{0x000000103fc60348}: Software caused connection abort: socket write error> (0x000000103fc60348) thrown at [t:/workspace/open/src/hotspot/share/prims/jni.cpp, line 636]

Events (10 events):
Event: 7399.759 loading class java/lang/StackStreamFactory$1
Event: 7399.759 loading class java/lang/StackStreamFactory$1 done
Event: 7399.759 loading class java/lang/StackStreamFactory$StackFrameTraverser$StackFrameBuffer
Event: 7399.759 loading class java/lang/StackStreamFactory$FrameBuffer
Event: 7399.759 loading class java/lang/StackStreamFactory$FrameBuffer done
Event: 7399.759 loading class java/lang/StackStreamFactory$StackFrameTraverser$StackFrameBuffer done
Event: 7399.759 loading class java/util/stream/ReferencePipeline$2
Event: 7399.759 loading class java/util/stream/ReferencePipeline$2 done
Event: 7399.759 loading class java/util/stream/ReferencePipeline$2$1
Event: 7399.759 loading class java/util/stream/ReferencePipeline$2$1 done


Dynamic libraries:
0x00007ff798340000 - 0x00007ff798385000 	C:\Program Files\Java\jdk-11\bin\java.exe
0x00007ffbcb320000 - 0x00007ffbcb529000 	C:\WINDOWS\SYSTEM32\ntdll.dll
0x00007ffbcadb0000 - 0x00007ffbcae6d000 	C:\WINDOWS\System32\KERNEL32.DLL
0x00007ffbc8b30000 - 0x00007ffbc8eac000 	C:\WINDOWS\System32\KERNELBASE.dll
0x00007ffbcb130000 - 0x00007ffbcb2dd000 	C:\WINDOWS\System32\USER32.dll
0x00007ffbc8800000 - 0x00007ffbc8826000 	C:\WINDOWS\System32\win32u.dll
0x00007ffbca2e0000 - 0x00007ffbca309000 	C:\WINDOWS\System32\GDI32.dll
0x00007ffbc8eb0000 - 0x00007ffbc8fc9000 	C:\WINDOWS\System32\gdi32full.dll
0x00007ffbc8830000 - 0x00007ffbc88cd000 	C:\WINDOWS\System32\msvcp_win.dll
0x00007ffbc8950000 - 0x00007ffbc8a61000 	C:\WINDOWS\System32\ucrtbase.dll
0x00007ffbb3b30000 - 0x00007ffbb3dd5000 	C:\WINDOWS\WinSxS\amd64_microsoft.windows.common-controls_6595b64144ccf1df_6.0.22000.120_none_9d947278b86cc467\COMCTL32.dll
0x00007ffbc96f0000 - 0x00007ffbc9793000 	C:\WINDOWS\System32\msvcrt.dll
0x00007ffbc9d20000 - 0x00007ffbc9d51000 	C:\WINDOWS\System32\IMM32.DLL
0x00007ffbb17e0000 - 0x00007ffbb17f6000 	C:\Program Files\Java\jdk-11\bin\vcruntime140.dll
0x00007ffba3fd0000 - 0x00007ffba407a000 	C:\Program Files\Java\jdk-11\bin\msvcp140.dll
0x00007ffb44fc0000 - 0x00007ffb45b01000 	C:\Program Files\Java\jdk-11\bin\server\jvm.dll
0x00007ffbcae70000 - 0x00007ffbcaf1e000 	C:\WINDOWS\System32\ADVAPI32.dll
0x00007ffbc9320000 - 0x00007ffbc93be000 	C:\WINDOWS\System32\sechost.dll
0x00007ffbc9e40000 - 0x00007ffbc9f60000 	C:\WINDOWS\System32\RPCRT4.dll
0x00007ffbc97c0000 - 0x00007ffbc97c8000 	C:\WINDOWS\System32\PSAPI.DLL
0x00007ffbb1aa0000 - 0x00007ffbb1aa9000 	C:\WINDOWS\SYSTEM32\WSOCK32.dll
0x00007ffbbb840000 - 0x00007ffbbb873000 	C:\WINDOWS\SYSTEM32\WINMM.dll
0x00007ffbbd9e0000 - 0x00007ffbbd9ea000 	C:\WINDOWS\SYSTEM32\VERSION.dll
0x00007ffbc9ca0000 - 0x00007ffbc9d0f000 	C:\WINDOWS\System32\WS2_32.dll
0x00007ffbc78b0000 - 0x00007ffbc78c8000 	C:\WINDOWS\SYSTEM32\kernel.appcore.dll
0x00007ffbafa20000 - 0x00007ffbafa31000 	C:\Program Files\Java\jdk-11\bin\verify.dll
0x00007ffbc0ea0000 - 0x00007ffbc10c1000 	C:\WINDOWS\SYSTEM32\DBGHELP.DLL
0x00007ffbb4320000 - 0x00007ffbb4351000 	C:\WINDOWS\SYSTEM32\dbgcore.DLL
0x00007ffbc88d0000 - 0x00007ffbc894f000 	C:\WINDOWS\System32\bcryptPrimitives.dll
0x00007ffbaf9f0000 - 0x00007ffbafa18000 	C:\Program Files\Java\jdk-11\bin\java.dll
0x00007ffba5c00000 - 0x00007ffba5c37000 	C:\Program Files\Java\jdk-11\bin\jdwp.dll
0x00007ffbae650000 - 0x00007ffbae666000 	C:\Program Files\Java\jdk-11\bin\zip.dll
0x00007ffbb9740000 - 0x00007ffbb974a000 	C:\Program Files\Java\jdk-11\bin\jimage.dll
0x00007ffbca310000 - 0x00007ffbcaac8000 	C:\WINDOWS\System32\SHELL32.dll
0x00007ffbc67c0000 - 0x00007ffbc7028000 	C:\WINDOWS\SYSTEM32\windows.storage.dll
0x00007ffbc9f60000 - 0x00007ffbca2d9000 	C:\WINDOWS\System32\combase.dll
0x00007ffbc6650000 - 0x00007ffbc67b6000 	C:\WINDOWS\SYSTEM32\wintypes.dll
0x00007ffbc9230000 - 0x00007ffbc931a000 	C:\WINDOWS\System32\SHCORE.dll
0x00007ffbc97d0000 - 0x00007ffbc982d000 	C:\WINDOWS\System32\shlwapi.dll
0x00007ffbc8730000 - 0x00007ffbc8751000 	C:\WINDOWS\SYSTEM32\profapi.dll
0x00007ffbb7b70000 - 0x00007ffbb7b7a000 	C:\Program Files\Java\jdk-11\bin\dt_socket.dll
0x00007ffbc7cd0000 - 0x00007ffbc7d37000 	C:\WINDOWS\System32\mswsock.dll
0x00007ffbc7450000 - 0x00007ffbc7538000 	C:\WINDOWS\SYSTEM32\DNSAPI.dll
0x00007ffbc7420000 - 0x00007ffbc744d000 	C:\WINDOWS\SYSTEM32\IPHLPAPI.DLL
0x00007ffbc9d10000 - 0x00007ffbc9d19000 	C:\WINDOWS\System32\NSI.dll
0x00007ffbc1840000 - 0x00007ffbc18c1000 	C:\WINDOWS\System32\fwpuclnt.dll
0x00007ffbc02c0000 - 0x00007ffbc02ca000 	C:\Windows\System32\rasadhlp.dll
0x00007ffba60f0000 - 0x00007ffba6109000 	C:\Program Files\Java\jdk-11\bin\net.dll
0x00007ffbc32d0000 - 0x00007ffbc33dc000 	C:\WINDOWS\SYSTEM32\WINHTTP.dll

dbghelp: loaded successfully - version: 4.0.5 - missing functions: none
symbol engine: initialized successfully - sym options: 0x614 - pdb path: .;C:\Program Files\Java\jdk-11\bin;C:\WINDOWS\SYSTEM32;C:\WINDOWS\WinSxS\amd64_microsoft.windows.common-controls_6595b64144ccf1df_6.0.22000.120_none_9d947278b86cc467;C:\Program Files\Java\jdk-11\bin\server

VM Arguments:
jvm_args: -agentlib:jdwp=transport=dt_socket,server=n,address=52363 
java_command: com.mypower24.smd.dns.Main
java_class_path (initial): C:\Users\henry\Documents\NetBeans12.3Projects\smd-dns\target\classes;C:\Users\henry\Documents\NetBeans12.3Projects\smd-rar-lib\target\classes
Launcher Type: SUN_STANDARD

[Global flags]
     intx CICompilerCount                          = 12                                        {product} {ergonomic}
     uint ConcGCThreads                            = 4                                         {product} {ergonomic}
     uint G1ConcRefinementThreads                  = 15                                        {product} {ergonomic}
   size_t G1HeapRegionSize                         = 4194304                                   {product} {ergonomic}
    uintx GCDrainStackTargetSize                   = 64                                        {product} {ergonomic}
   size_t InitialHeapSize                          = 1073741824                                {product} {ergonomic}
   size_t MarkStackSize                            = 4194304                                   {product} {ergonomic}
   size_t MaxHeapSize                              = 17163091968                               {product} {ergonomic}
   size_t MaxNewSize                               = 10297016320                               {product} {ergonomic}
   size_t MinHeapDeltaBytes                        = 4194304                                   {product} {ergonomic}
    uintx NonNMethodCodeHeapSize                   = 7591728                                {pd product} {ergonomic}
    uintx NonProfiledCodeHeapSize                  = 122033256                              {pd product} {ergonomic}
    uintx ProfiledCodeHeapSize                     = 122033256                              {pd product} {ergonomic}
    uintx ReservedCodeCacheSize                    = 251658240                              {pd product} {ergonomic}
     bool SegmentedCodeCache                       = true                                      {product} {ergonomic}
     bool UseCompressedClassPointers               = true                                 {lp64_product} {ergonomic}
     bool UseCompressedOops                        = true                                 {lp64_product} {ergonomic}
     bool UseG1GC                                  = true                                      {product} {ergonomic}
     bool UseLargePagesIndividualAllocation        = false                                  {pd product} {ergonomic}

Logging:
Log output configuration:
 #0: stdout all=warning uptime,level,tags
 #1: stderr all=off uptime,level,tags

Environment Variables:
JAVA_HOME=C:\Program Files\Java\jdk-11
PATH=C:\Program Files (x86)\Common Files\Oracle\Java\javapath;C:\WINDOWS\system32;C:\WINDOWS;C:\WINDOWS\System32\Wbem;C:\WINDOWS\System32\WindowsPowerShell\v1.0\;C:\WINDOWS\System32\OpenSSH\;C:\Program Files\Microsoft SQL Server\120\Tools\Binn\;C:\Program Files\nodejs\;C:\Program Files\Java\jdk-11\bin;C:\apache-maven-3.6.3\bin;C:\Program Files\PuTTY\;C:\Program Files\Microsoft Network Monitor 3\;C:\Program Files\Microchip\xc8\v2.31\bin;C:\dart-sass;C:\Program Files\Microchip\xc32\v3.00\bin;C:\apache-ant-1.10.9\bin;C:\prog\srec;C:\Program Files\dotnet\;C:\Program Files\TortoiseSVN\bin;C:\Program Files (x86)\Bitvise SSH Client;C:\Program Files\MySQL\MySQL Shell 8.0\bin\;C:\Users\henry\scoop\shims;C:\Users\henry\AppData\Local\Microsoft\WindowsApps;C:\Users\henry\AppData\Local\Programs\Microsoft VS Code\bin;C:\Users\henry\AppData\Roaming\npm;C:\Users\henry\AppData\Local\GitHubDesktop\bin;C:\Users\henry\.dotnet\tools;C:\Users\henry\AppData\Local\Microsoft\WindowsApps;C:\Users\henry\AppData\Local\Android\Sdk\platform-tools;C:\Users\henry\Documents\flutter\bin;
USERNAME=henry
OS=Windows_NT
PROCESSOR_IDENTIFIER=Intel64 Family 6 Model 165 Stepping 5, GenuineIntel



---------------  S Y S T E M  ---------------

OS: Windows 10 , 64 bit Build 22000 (10.0.22000.708)

CPU:total 20 (initial active 20) (10 cores per cpu, 2 threads per core) family 6 model 165 stepping 5, cmov, cx8, fxsr, mmx, sse, sse2, sse3, ssse3, sse4.1, sse4.2, popcnt, avx, avx2, aes, clmul, erms, 3dnowpref, lzcnt, ht, tsc, tscinvbit, bmi1, bmi2, adx, fma

Memory: 4k page, system-wide physical 65458M (43373M free)
TotalPageFile size 75186M (AvailPageFile size 46150M)
current process WorkingSet (physical memory assigned to process): 46M, peak: 46M
current process commit charge ("private bytes"): 1163M, peak: 1163M

vm_info: OpenJDK 64-Bit Server VM (11+28) for windows-amd64 JRE (11+28), built on Aug 23 2018 03:04:58 by "mach5one" with MS VC++ 15.5 (VS2017)

END.
